{"C:\\Users\\kgj12\\Root\\main\\backend\\logger.js": {"path":"C:\\Users\\kgj12\\Root\\main\\backend\\logger.js","statementMap":{"0":{"start":{"line":8,"column":45},"end":{"line":8,"column":63}},"1":{"start":{"line":9,"column":13},"end":{"line":9,"column":28}},"2":{"start":{"line":10,"column":11},"end":{"line":10,"column":24}},"3":{"start":{"line":13,"column":15},"end":{"line":13,"column":43}},"4":{"start":{"line":14,"column":0},"end":{"line":16,"column":1}},"5":{"start":{"line":15,"column":4},"end":{"line":15,"column":46}},"6":{"start":{"line":18,"column":21},"end":{"line":18,"column":58}},"7":{"start":{"line":21,"column":18},"end":{"line":31,"column":1}},"8":{"start":{"line":25,"column":24},"end":{"line":25,"column":82}},"9":{"start":{"line":26,"column":8},"end":{"line":28,"column":9}},"10":{"start":{"line":27,"column":12},"end":{"line":27,"column":66}},"11":{"start":{"line":29,"column":8},"end":{"line":29,"column":62}},"12":{"start":{"line":34,"column":19},"end":{"line":38,"column":1}},"13":{"start":{"line":40,"column":15},"end":{"line":65,"column":2}},"14":{"start":{"line":67,"column":0},"end":{"line":67,"column":24}}},"fnMap":{"0":{"name":"(anonymous_0)","decl":{"start":{"line":24,"column":18},"end":{"line":24,"column":19}},"loc":{"start":{"line":24,"column":69},"end":{"line":30,"column":5}},"line":24}},"branchMap":{"0":{"loc":{"start":{"line":14,"column":0},"end":{"line":16,"column":1}},"type":"if","locations":[{"start":{"line":14,"column":0},"end":{"line":16,"column":1}},{"start":{},"end":{}}],"line":14},"1":{"loc":{"start":{"line":25,"column":24},"end":{"line":25,"column":82}},"type":"cond-expr","locations":[{"start":{"line":25,"column":51},"end":{"line":25,"column":77}},{"start":{"line":25,"column":80},"end":{"line":25,"column":82}}],"line":25},"2":{"loc":{"start":{"line":26,"column":8},"end":{"line":28,"column":9}},"type":"if","locations":[{"start":{"line":26,"column":8},"end":{"line":28,"column":9}},{"start":{},"end":{}}],"line":26},"3":{"loc":{"start":{"line":41,"column":11},"end":{"line":41,"column":42}},"type":"cond-expr","locations":[{"start":{"line":41,"column":26},"end":{"line":41,"column":32}},{"start":{"line":41,"column":35},"end":{"line":41,"column":42}}],"line":41},"4":{"loc":{"start":{"line":42,"column":12},"end":{"line":42,"column":49}},"type":"cond-expr","locations":[{"start":{"line":42,"column":27},"end":{"line":42,"column":37}},{"start":{"line":42,"column":40},"end":{"line":42,"column":49}}],"line":42},"5":{"loc":{"start":{"line":46,"column":20},"end":{"line":49,"column":13}},"type":"cond-expr","locations":[{"start":{"line":46,"column":35},"end":{"line":46,"column":45}},{"start":{"line":46,"column":48},"end":{"line":49,"column":13}}],"line":46}},"s":{"0":2,"1":2,"2":2,"3":2,"4":2,"5":0,"6":2,"7":2,"8":12,"9":12,"10":10,"11":2,"12":2,"13":2,"14":2},"f":{"0":12},"b":{"0":[0,2],"1":[0,12],"2":[10,2],"3":[0,2],"4":[0,2],"5":[0,2]},"_coverageSchema":"1a1c01bbd47fc00a2c39e90264f33305004495a9","hash":"f5e6ef4b5f2085185d2b856bb3a34abb4421b3d1"}
,"C:\\Users\\kgj12\\Root\\main\\backend\\__tests__\\setup\\test-app.js": {"path":"C:\\Users\\kgj12\\Root\\main\\backend\\__tests__\\setup\\test-app.js","statementMap":{"0":{"start":{"line":1,"column":16},"end":{"line":1,"column":34}},"1":{"start":{"line":2,"column":16},"end":{"line":2,"column":42}},"2":{"start":{"line":10,"column":16},"end":{"line":10,"column":25}},"3":{"start":{"line":13,"column":4},"end":{"line":13,"column":45}},"4":{"start":{"line":16,"column":4},"end":{"line":21,"column":8}},"5":{"start":{"line":24,"column":53},"end":{"line":24,"column":81}},"6":{"start":{"line":25,"column":4},"end":{"line":25,"column":18}},"7":{"start":{"line":26,"column":4},"end":{"line":26,"column":37}},"8":{"start":{"line":29,"column":28},"end":{"line":29,"column":60}},"9":{"start":{"line":30,"column":4},"end":{"line":30,"column":25}},"10":{"start":{"line":33,"column":36},"end":{"line":33,"column":73}},"11":{"start":{"line":34,"column":39},"end":{"line":34,"column":79}},"12":{"start":{"line":35,"column":32},"end":{"line":35,"column":64}},"13":{"start":{"line":36,"column":33},"end":{"line":36,"column":66}},"14":{"start":{"line":37,"column":40},"end":{"line":37,"column":81}},"15":{"start":{"line":38,"column":30},"end":{"line":38,"column":60}},"16":{"start":{"line":39,"column":31},"end":{"line":39,"column":61}},"17":{"start":{"line":40,"column":29},"end":{"line":40,"column":57}},"18":{"start":{"line":41,"column":32},"end":{"line":41,"column":64}},"19":{"start":{"line":43,"column":4},"end":{"line":43,"column":63}},"20":{"start":{"line":44,"column":4},"end":{"line":44,"column":69}},"21":{"start":{"line":45,"column":4},"end":{"line":45,"column":54}},"22":{"start":{"line":46,"column":4},"end":{"line":46,"column":56}},"23":{"start":{"line":47,"column":4},"end":{"line":47,"column":71}},"24":{"start":{"line":48,"column":4},"end":{"line":48,"column":46}},"25":{"start":{"line":49,"column":4},"end":{"line":49,"column":51}},"26":{"start":{"line":50,"column":4},"end":{"line":50,"column":47}},"27":{"start":{"line":51,"column":4},"end":{"line":51,"column":54}},"28":{"start":{"line":53,"column":4},"end":{"line":53,"column":15}},"29":{"start":{"line":56,"column":0},"end":{"line":56,"column":35}}},"fnMap":{"0":{"name":"createTestApp","decl":{"start":{"line":9,"column":9},"end":{"line":9,"column":22}},"loc":{"start":{"line":9,"column":27},"end":{"line":54,"column":1}},"line":9}},"branchMap":{},"s":{"0":2,"1":2,"2":2,"3":2,"4":2,"5":2,"6":2,"7":2,"8":2,"9":2,"10":2,"11":2,"12":2,"13":2,"14":2,"15":2,"16":2,"17":2,"18":2,"19":2,"20":2,"21":2,"22":2,"23":2,"24":2,"25":2,"26":2,"27":2,"28":2,"29":2},"f":{"0":2},"b":{},"_coverageSchema":"1a1c01bbd47fc00a2c39e90264f33305004495a9","hash":"52f2ea6765f8475ba884341c42e1384b60270d78"}
,"C:\\Users\\kgj12\\Root\\main\\backend\\__tests__\\setup\\test-db.js": {"path":"C:\\Users\\kgj12\\Root\\main\\backend\\__tests__\\setup\\test-db.js","statementMap":{"0":{"start":{"line":1,"column":16},"end":{"line":1,"column":34}},"1":{"start":{"line":2,"column":17},"end":{"line":2,"column":34}},"2":{"start":{"line":9,"column":15},"end":{"line":12,"column":6}},"3":{"start":{"line":14,"column":4},"end":{"line":14,"column":45}},"4":{"start":{"line":17,"column":4},"end":{"line":245,"column":7}},"5":{"start":{"line":247,"column":4},"end":{"line":247,"column":14}},"6":{"start":{"line":255,"column":4},"end":{"line":255,"column":46}},"7":{"start":{"line":256,"column":4},"end":{"line":256,"column":41}},"8":{"start":{"line":257,"column":4},"end":{"line":257,"column":49}},"9":{"start":{"line":258,"column":4},"end":{"line":258,"column":46}},"10":{"start":{"line":259,"column":4},"end":{"line":259,"column":38}},"11":{"start":{"line":260,"column":4},"end":{"line":260,"column":39}},"12":{"start":{"line":261,"column":4},"end":{"line":261,"column":42}},"13":{"start":{"line":262,"column":4},"end":{"line":262,"column":50}},"14":{"start":{"line":263,"column":4},"end":{"line":263,"column":42}},"15":{"start":{"line":264,"column":4},"end":{"line":264,"column":41}},"16":{"start":{"line":265,"column":4},"end":{"line":265,"column":41}},"17":{"start":{"line":266,"column":4},"end":{"line":266,"column":46}},"18":{"start":{"line":267,"column":4},"end":{"line":267,"column":38}},"19":{"start":{"line":268,"column":4},"end":{"line":268,"column":42}},"20":{"start":{"line":269,"column":4},"end":{"line":269,"column":45}},"21":{"start":{"line":272,"column":0},"end":{"line":272,"column":49}}},"fnMap":{"0":{"name":"createTestDb","decl":{"start":{"line":8,"column":15},"end":{"line":8,"column":27}},"loc":{"start":{"line":8,"column":30},"end":{"line":248,"column":1}},"line":8},"1":{"name":"cleanupTestDb","decl":{"start":{"line":253,"column":15},"end":{"line":253,"column":28}},"loc":{"start":{"line":253,"column":33},"end":{"line":270,"column":1}},"line":253}},"branchMap":{},"s":{"0":2,"1":2,"2":2,"3":2,"4":2,"5":2,"6":59,"7":59,"8":59,"9":59,"10":59,"11":59,"12":59,"13":59,"14":59,"15":59,"16":59,"17":59,"18":59,"19":59,"20":59,"21":2},"f":{"0":2,"1":59},"b":{},"_coverageSchema":"1a1c01bbd47fc00a2c39e90264f33305004495a9","hash":"7a468e8aa662cc45e8c3d4a974f6bbdc08bccdbd"}
,"C:\\Users\\kgj12\\Root\\main\\backend\\__tests__\\setup\\test-helpers.js": {"path":"C:\\Users\\kgj12\\Root\\main\\backend\\__tests__\\setup\\test-helpers.js","statementMap":{"0":{"start":{"line":1,"column":15},"end":{"line":1,"column":34}},"1":{"start":{"line":2,"column":15},"end":{"line":2,"column":32}},"2":{"start":{"line":3,"column":18},"end":{"line":3,"column":38}},"3":{"start":{"line":5,"column":27},"end":{"line":5,"column":28}},"4":{"start":{"line":10,"column":15},"end":{"line":10,"column":50}},"5":{"start":{"line":11,"column":21},"end":{"line":11,"column":55}},"6":{"start":{"line":12,"column":17},"end":{"line":12,"column":64}},"7":{"start":{"line":14,"column":4},"end":{"line":25,"column":6}},"8":{"start":{"line":27,"column":4},"end":{"line":27,"column":105}},"9":{"start":{"line":31,"column":15},"end":{"line":31,"column":50}},"10":{"start":{"line":32,"column":21},"end":{"line":32,"column":54}},"11":{"start":{"line":33,"column":17},"end":{"line":33,"column":64}},"12":{"start":{"line":35,"column":4},"end":{"line":46,"column":6}},"13":{"start":{"line":48,"column":4},"end":{"line":48,"column":107}},"14":{"start":{"line":58,"column":18},"end":{"line":58,"column":41}},"15":{"start":{"line":59,"column":18},"end":{"line":59,"column":38}},"16":{"start":{"line":60,"column":4},"end":{"line":63,"column":21}},"17":{"start":{"line":64,"column":4},"end":{"line":64,"column":28}},"18":{"start":{"line":71,"column":17},"end":{"line":71,"column":35}},"19":{"start":{"line":72,"column":18},"end":{"line":72,"column":38}},"20":{"start":{"line":73,"column":4},"end":{"line":76,"column":21}},"21":{"start":{"line":77,"column":4},"end":{"line":77,"column":27}},"22":{"start":{"line":83,"column":4},"end":{"line":95,"column":6}},"23":{"start":{"line":99,"column":4},"end":{"line":104,"column":6}},"24":{"start":{"line":108,"column":4},"end":{"line":118,"column":6}},"25":{"start":{"line":122,"column":4},"end":{"line":138,"column":6}},"26":{"start":{"line":142,"column":4},"end":{"line":154,"column":6}},"27":{"start":{"line":158,"column":4},"end":{"line":168,"column":6}},"28":{"start":{"line":172,"column":4},"end":{"line":181,"column":6}},"29":{"start":{"line":184,"column":0},"end":{"line":196,"column":2}}},"fnMap":{"0":{"name":"seedAdminUser","decl":{"start":{"line":9,"column":15},"end":{"line":9,"column":28}},"loc":{"start":{"line":9,"column":49},"end":{"line":28,"column":1}},"line":9},"1":{"name":"seedUser","decl":{"start":{"line":30,"column":15},"end":{"line":30,"column":23}},"loc":{"start":{"line":30,"column":44},"end":{"line":49,"column":1}},"line":30},"2":{"name":"loginAsAdmin","decl":{"start":{"line":57,"column":15},"end":{"line":57,"column":27}},"loc":{"start":{"line":57,"column":37},"end":{"line":65,"column":1}},"line":57},"3":{"name":"loginAsUser","decl":{"start":{"line":70,"column":15},"end":{"line":70,"column":26}},"loc":{"start":{"line":70,"column":36},"end":{"line":78,"column":1}},"line":70},"4":{"name":"sampleFlightSchedule","decl":{"start":{"line":82,"column":9},"end":{"line":82,"column":29}},"loc":{"start":{"line":82,"column":46},"end":{"line":96,"column":1}},"line":82},"5":{"name":"sampleBankAccount","decl":{"start":{"line":98,"column":9},"end":{"line":98,"column":26}},"loc":{"start":{"line":98,"column":43},"end":{"line":105,"column":1}},"line":98},"6":{"name":"sampleInvoiceSimple","decl":{"start":{"line":107,"column":9},"end":{"line":107,"column":28}},"loc":{"start":{"line":107,"column":45},"end":{"line":119,"column":1}},"line":107},"7":{"name":"sampleInvoiceAdvanced","decl":{"start":{"line":121,"column":9},"end":{"line":121,"column":30}},"loc":{"start":{"line":121,"column":47},"end":{"line":139,"column":1}},"line":121},"8":{"name":"sampleCostCalculation","decl":{"start":{"line":141,"column":9},"end":{"line":141,"column":30}},"loc":{"start":{"line":141,"column":47},"end":{"line":155,"column":1}},"line":141},"9":{"name":"sampleSchedule","decl":{"start":{"line":157,"column":9},"end":{"line":157,"column":23}},"loc":{"start":{"line":157,"column":40},"end":{"line":169,"column":1}},"line":157},"10":{"name":"sampleMember","decl":{"start":{"line":171,"column":9},"end":{"line":171,"column":21}},"loc":{"start":{"line":171,"column":38},"end":{"line":182,"column":1}},"line":171}},"branchMap":{"0":{"loc":{"start":{"line":9,"column":33},"end":{"line":9,"column":47}},"type":"default-arg","locations":[{"start":{"line":9,"column":45},"end":{"line":9,"column":47}}],"line":9},"1":{"loc":{"start":{"line":10,"column":15},"end":{"line":10,"column":50}},"type":"binary-expr","locations":[{"start":{"line":10,"column":15},"end":{"line":10,"column":27}},{"start":{"line":10,"column":31},"end":{"line":10,"column":50}}],"line":10},"2":{"loc":{"start":{"line":11,"column":21},"end":{"line":11,"column":55}},"type":"binary-expr","locations":[{"start":{"line":11,"column":21},"end":{"line":11,"column":39}},{"start":{"line":11,"column":43},"end":{"line":11,"column":55}}],"line":11},"3":{"loc":{"start":{"line":18,"column":12},"end":{"line":18,"column":47}},"type":"binary-expr","locations":[{"start":{"line":18,"column":12},"end":{"line":18,"column":27}},{"start":{"line":18,"column":31},"end":{"line":18,"column":47}}],"line":18},"4":{"loc":{"start":{"line":20,"column":12},"end":{"line":20,"column":37}},"type":"binary-expr","locations":[{"start":{"line":20,"column":12},"end":{"line":20,"column":26}},{"start":{"line":20,"column":30},"end":{"line":20,"column":37}}],"line":20},"5":{"loc":{"start":{"line":23,"column":12},"end":{"line":23,"column":71}},"type":"cond-expr","locations":[{"start":{"line":23,"column":48},"end":{"line":23,"column":67}},{"start":{"line":23,"column":70},"end":{"line":23,"column":71}}],"line":23},"6":{"loc":{"start":{"line":27,"column":24},"end":{"line":27,"column":59}},"type":"binary-expr","locations":[{"start":{"line":27,"column":24},"end":{"line":27,"column":39}},{"start":{"line":27,"column":43},"end":{"line":27,"column":59}}],"line":27},"7":{"loc":{"start":{"line":27,"column":77},"end":{"line":27,"column":102}},"type":"binary-expr","locations":[{"start":{"line":27,"column":77},"end":{"line":27,"column":91}},{"start":{"line":27,"column":95},"end":{"line":27,"column":102}}],"line":27},"8":{"loc":{"start":{"line":30,"column":28},"end":{"line":30,"column":42}},"type":"default-arg","locations":[{"start":{"line":30,"column":40},"end":{"line":30,"column":42}}],"line":30},"9":{"loc":{"start":{"line":31,"column":15},"end":{"line":31,"column":50}},"type":"binary-expr","locations":[{"start":{"line":31,"column":15},"end":{"line":31,"column":27}},{"start":{"line":31,"column":31},"end":{"line":31,"column":50}}],"line":31},"10":{"loc":{"start":{"line":32,"column":21},"end":{"line":32,"column":54}},"type":"binary-expr","locations":[{"start":{"line":32,"column":21},"end":{"line":32,"column":39}},{"start":{"line":32,"column":43},"end":{"line":32,"column":54}}],"line":32},"11":{"loc":{"start":{"line":39,"column":12},"end":{"line":39,"column":46}},"type":"binary-expr","locations":[{"start":{"line":39,"column":12},"end":{"line":39,"column":27}},{"start":{"line":39,"column":31},"end":{"line":39,"column":46}}],"line":39},"12":{"loc":{"start":{"line":41,"column":12},"end":{"line":41,"column":40}},"type":"binary-expr","locations":[{"start":{"line":41,"column":12},"end":{"line":41,"column":26}},{"start":{"line":41,"column":30},"end":{"line":41,"column":40}}],"line":41},"13":{"loc":{"start":{"line":44,"column":12},"end":{"line":44,"column":71}},"type":"cond-expr","locations":[{"start":{"line":44,"column":48},"end":{"line":44,"column":67}},{"start":{"line":44,"column":70},"end":{"line":44,"column":71}}],"line":44},"14":{"loc":{"start":{"line":48,"column":24},"end":{"line":48,"column":58}},"type":"binary-expr","locations":[{"start":{"line":48,"column":24},"end":{"line":48,"column":39}},{"start":{"line":48,"column":43},"end":{"line":48,"column":58}}],"line":48},"15":{"loc":{"start":{"line":48,"column":76},"end":{"line":48,"column":104}},"type":"binary-expr","locations":[{"start":{"line":48,"column":76},"end":{"line":48,"column":90}},{"start":{"line":48,"column":94},"end":{"line":48,"column":104}}],"line":48},"16":{"loc":{"start":{"line":82,"column":30},"end":{"line":82,"column":44}},"type":"default-arg","locations":[{"start":{"line":82,"column":42},"end":{"line":82,"column":44}}],"line":82},"17":{"loc":{"start":{"line":98,"column":27},"end":{"line":98,"column":41}},"type":"default-arg","locations":[{"start":{"line":98,"column":39},"end":{"line":98,"column":41}}],"line":98},"18":{"loc":{"start":{"line":107,"column":29},"end":{"line":107,"column":43}},"type":"default-arg","locations":[{"start":{"line":107,"column":41},"end":{"line":107,"column":43}}],"line":107},"19":{"loc":{"start":{"line":121,"column":31},"end":{"line":121,"column":45}},"type":"default-arg","locations":[{"start":{"line":121,"column":43},"end":{"line":121,"column":45}}],"line":121},"20":{"loc":{"start":{"line":141,"column":31},"end":{"line":141,"column":45}},"type":"default-arg","locations":[{"start":{"line":141,"column":43},"end":{"line":141,"column":45}}],"line":141},"21":{"loc":{"start":{"line":157,"column":24},"end":{"line":157,"column":38}},"type":"default-arg","locations":[{"start":{"line":157,"column":36},"end":{"line":157,"column":38}}],"line":157},"22":{"loc":{"start":{"line":171,"column":22},"end":{"line":171,"column":36}},"type":"default-arg","locations":[{"start":{"line":171,"column":34},"end":{"line":171,"column":36}}],"line":171}},"s":{"0":2,"1":2,"2":2,"3":2,"4":59,"5":59,"6":59,"7":59,"8":59,"9":0,"10":0,"11":0,"12":0,"13":0,"14":59,"15":59,"16":59,"17":59,"18":0,"19":0,"20":0,"21":0,"22":0,"23":0,"24":0,"25":0,"26":19,"27":0,"28":21,"29":2},"f":{"0":59,"1":0,"2":59,"3":0,"4":0,"5":0,"6":0,"7":0,"8":19,"9":0,"10":21},"b":{"0":[59],"1":[59,59],"2":[59,59],"3":[59,59],"4":[59,59],"5":[0,59],"6":[59,59],"7":[59,59],"8":[0],"9":[0,0],"10":[0,0],"11":[0,0],"12":[0,0],"13":[0,0],"14":[0,0],"15":[0,0],"16":[0],"17":[0],"18":[0],"19":[0],"20":[5],"21":[0],"22":[12]},"_coverageSchema":"1a1c01bbd47fc00a2c39e90264f33305004495a9","hash":"bfac0e93c5eb502bacafbbafc26a9f34c6b9ecd2"}
,"C:\\Users\\kgj12\\Root\\main\\backend\\__tests__\\setup\\uuid-mock.js": {"path":"C:\\Users\\kgj12\\Root\\main\\backend\\__tests__\\setup\\uuid-mock.js","statementMap":{"0":{"start":{"line":2,"column":15},"end":{"line":2,"column":32}},"1":{"start":{"line":4,"column":0},"end":{"line":6,"column":2}},"2":{"start":{"line":5,"column":14},"end":{"line":5,"column":33}}},"fnMap":{"0":{"name":"(anonymous_0)","decl":{"start":{"line":5,"column":8},"end":{"line":5,"column":9}},"loc":{"start":{"line":5,"column":14},"end":{"line":5,"column":33}},"line":5}},"branchMap":{},"s":{"0":2,"1":2,"2":0},"f":{"0":0},"b":{},"_coverageSchema":"1a1c01bbd47fc00a2c39e90264f33305004495a9","hash":"5677449c871cccee87ab1b55ce5217b9dfebab8a"}
,"C:\\Users\\kgj12\\Root\\main\\backend\\middleware\\auth.js": {"path":"C:\\Users\\kgj12\\Root\\main\\backend\\middleware\\auth.js","statementMap":{"0":{"start":{"line":4,"column":22},"end":{"line":8,"column":5}},"1":{"start":{"line":11,"column":26},"end":{"line":11,"column":75}},"2":{"start":{"line":11,"column":49},"end":{"line":11,"column":74}},"3":{"start":{"line":12,"column":4},"end":{"line":14,"column":5}},"4":{"start":{"line":13,"column":8},"end":{"line":13,"column":22}},"5":{"start":{"line":18,"column":29},"end":{"line":18,"column":103}},"6":{"start":{"line":19,"column":25},"end":{"line":19,"column":77}},"7":{"start":{"line":19,"column":54},"end":{"line":19,"column":76}},"8":{"start":{"line":22,"column":4},"end":{"line":24,"column":5}},"9":{"start":{"line":23,"column":8},"end":{"line":23,"column":22}},"10":{"start":{"line":28,"column":4},"end":{"line":30,"column":5}},"11":{"start":{"line":29,"column":8},"end":{"line":29,"column":62}},"12":{"start":{"line":34,"column":4},"end":{"line":36,"column":5}},"13":{"start":{"line":35,"column":8},"end":{"line":35,"column":43}},"14":{"start":{"line":40,"column":4},"end":{"line":40,"column":11}},"15":{"start":{"line":43,"column":0},"end":{"line":43,"column":33}}},"fnMap":{"0":{"name":"requireAuth","decl":{"start":{"line":2,"column":9},"end":{"line":2,"column":20}},"loc":{"start":{"line":2,"column":37},"end":{"line":41,"column":1}},"line":2},"1":{"name":"(anonymous_1)","decl":{"start":{"line":11,"column":41},"end":{"line":11,"column":42}},"loc":{"start":{"line":11,"column":49},"end":{"line":11,"column":74}},"line":11},"2":{"name":"(anonymous_2)","decl":{"start":{"line":19,"column":47},"end":{"line":19,"column":48}},"loc":{"start":{"line":19,"column":54},"end":{"line":19,"column":76}},"line":19}},"branchMap":{"0":{"loc":{"start":{"line":12,"column":4},"end":{"line":14,"column":5}},"type":"if","locations":[{"start":{"line":12,"column":4},"end":{"line":14,"column":5}},{"start":{},"end":{}}],"line":12},"1":{"loc":{"start":{"line":22,"column":4},"end":{"line":24,"column":5}},"type":"if","locations":[{"start":{"line":22,"column":4},"end":{"line":24,"column":5}},{"start":{},"end":{}}],"line":22},"2":{"loc":{"start":{"line":22,"column":8},"end":{"line":22,"column":41}},"type":"binary-expr","locations":[{"start":{"line":22,"column":8},"end":{"line":22,"column":19}},{"start":{"line":22,"column":23},"end":{"line":22,"column":41}}],"line":22},"3":{"loc":{"start":{"line":28,"column":4},"end":{"line":30,"column":5}},"type":"if","locations":[{"start":{"line":28,"column":4},"end":{"line":30,"column":5}},{"start":{},"end":{}}],"line":28},"4":{"loc":{"start":{"line":28,"column":8},"end":{"line":28,"column":71}},"type":"binary-expr","locations":[{"start":{"line":28,"column":8},"end":{"line":28,"column":36}},{"start":{"line":28,"column":40},"end":{"line":28,"column":71}}],"line":28},"5":{"loc":{"start":{"line":34,"column":4},"end":{"line":36,"column":5}},"type":"if","locations":[{"start":{"line":34,"column":4},"end":{"line":36,"column":5}},{"start":{},"end":{}}],"line":34},"6":{"loc":{"start":{"line":34,"column":8},"end":{"line":34,"column":44}},"type":"binary-expr","locations":[{"start":{"line":34,"column":8},"end":{"line":34,"column":27}},{"start":{"line":34,"column":31},"end":{"line":34,"column":44}}],"line":34}},"s":{"0":73,"1":73,"2":219,"3":73,"4":0,"5":73,"6":73,"7":657,"8":73,"9":71,"10":2,"11":2,"12":0,"13":0,"14":0,"15":2},"f":{"0":73,"1":219,"2":657},"b":{"0":[0,73],"1":[71,2],"2":[73,73],"3":[2,0],"4":[2,0],"5":[0,0],"6":[0,0]},"_coverageSchema":"1a1c01bbd47fc00a2c39e90264f33305004495a9","hash":"133db4d6b877a4905822d9aeb29261d475c1852c"}
,"C:\\Users\\kgj12\\Root\\main\\backend\\routes\\auth.js": {"path":"C:\\Users\\kgj12\\Root\\main\\backend\\routes\\auth.js","statementMap":{"0":{"start":{"line":1,"column":16},"end":{"line":1,"column":34}},"1":{"start":{"line":2,"column":15},"end":{"line":2,"column":34}},"2":{"start":{"line":3,"column":15},"end":{"line":3,"column":32}},"3":{"start":{"line":4,"column":34},"end":{"line":4,"column":63}},"4":{"start":{"line":5,"column":15},"end":{"line":5,"column":35}},"5":{"start":{"line":6,"column":15},"end":{"line":6,"column":31}},"6":{"start":{"line":9,"column":9},"end":{"line":9,"column":13}},"7":{"start":{"line":11,"column":4},"end":{"line":11,"column":20}},"8":{"start":{"line":87,"column":0},"end":{"line":139,"column":3}},"9":{"start":{"line":88,"column":32},"end":{"line":88,"column":40}},"10":{"start":{"line":90,"column":4},"end":{"line":92,"column":5}},"11":{"start":{"line":91,"column":8},"end":{"line":91,"column":69}},"12":{"start":{"line":94,"column":4},"end":{"line":138,"column":5}},"13":{"start":{"line":95,"column":21},"end":{"line":98,"column":9}},"14":{"start":{"line":100,"column":8},"end":{"line":102,"column":9}},"15":{"start":{"line":101,"column":12},"end":{"line":101,"column":78}},"16":{"start":{"line":104,"column":8},"end":{"line":106,"column":9}},"17":{"start":{"line":105,"column":12},"end":{"line":105,"column":67}},"18":{"start":{"line":108,"column":24},"end":{"line":108,"column":74}},"19":{"start":{"line":109,"column":8},"end":{"line":111,"column":9}},"20":{"start":{"line":110,"column":12},"end":{"line":110,"column":78}},"21":{"start":{"line":114,"column":8},"end":{"line":117,"column":10}},"22":{"start":{"line":120,"column":8},"end":{"line":120,"column":37}},"23":{"start":{"line":121,"column":8},"end":{"line":121,"column":41}},"24":{"start":{"line":124,"column":8},"end":{"line":126,"column":11}},"25":{"start":{"line":125,"column":12},"end":{"line":125,"column":53}},"26":{"start":{"line":128,"column":8},"end":{"line":134,"column":11}},"27":{"start":{"line":136,"column":8},"end":{"line":136,"column":39}},"28":{"start":{"line":137,"column":8},"end":{"line":137,"column":64}},"29":{"start":{"line":167,"column":0},"end":{"line":176,"column":3}},"30":{"start":{"line":168,"column":4},"end":{"line":175,"column":7}},"31":{"start":{"line":169,"column":8},"end":{"line":172,"column":9}},"32":{"start":{"line":170,"column":12},"end":{"line":170,"column":43}},"33":{"start":{"line":171,"column":12},"end":{"line":171,"column":76}},"34":{"start":{"line":173,"column":8},"end":{"line":173,"column":39}},"35":{"start":{"line":174,"column":8},"end":{"line":174,"column":44}},"36":{"start":{"line":206,"column":0},"end":{"line":227,"column":3}},"37":{"start":{"line":207,"column":4},"end":{"line":209,"column":5}},"38":{"start":{"line":208,"column":8},"end":{"line":208,"column":62}},"39":{"start":{"line":211,"column":4},"end":{"line":226,"column":5}},"40":{"start":{"line":212,"column":21},"end":{"line":215,"column":9}},"41":{"start":{"line":217,"column":8},"end":{"line":220,"column":9}},"42":{"start":{"line":218,"column":12},"end":{"line":218,"column":42}},"43":{"start":{"line":219,"column":12},"end":{"line":219,"column":70}},"44":{"start":{"line":222,"column":8},"end":{"line":222,"column":23}},"45":{"start":{"line":224,"column":8},"end":{"line":224,"column":45}},"46":{"start":{"line":225,"column":8},"end":{"line":225,"column":67}},"47":{"start":{"line":233,"column":4},"end":{"line":245,"column":5}},"48":{"start":{"line":234,"column":8},"end":{"line":236,"column":9}},"49":{"start":{"line":235,"column":12},"end":{"line":235,"column":66}},"50":{"start":{"line":237,"column":21},"end":{"line":237,"column":94}},"51":{"start":{"line":238,"column":8},"end":{"line":240,"column":9}},"52":{"start":{"line":239,"column":12},"end":{"line":239,"column":69}},"53":{"start":{"line":241,"column":8},"end":{"line":241,"column":15}},"54":{"start":{"line":243,"column":8},"end":{"line":243,"column":41}},"55":{"start":{"line":244,"column":8},"end":{"line":244,"column":58}},"56":{"start":{"line":287,"column":0},"end":{"line":297,"column":3}},"57":{"start":{"line":288,"column":4},"end":{"line":296,"column":5}},"58":{"start":{"line":289,"column":22},"end":{"line":291,"column":9}},"59":{"start":{"line":292,"column":8},"end":{"line":292,"column":34}},"60":{"start":{"line":294,"column":8},"end":{"line":294,"column":45}},"61":{"start":{"line":295,"column":8},"end":{"line":295,"column":56}},"62":{"start":{"line":383,"column":0},"end":{"line":414,"column":3}},"63":{"start":{"line":384,"column":44},"end":{"line":384,"column":52}},"64":{"start":{"line":386,"column":4},"end":{"line":388,"column":5}},"65":{"start":{"line":387,"column":8},"end":{"line":387,"column":72}},"66":{"start":{"line":390,"column":4},"end":{"line":392,"column":5}},"67":{"start":{"line":391,"column":8},"end":{"line":391,"column":70}},"68":{"start":{"line":394,"column":4},"end":{"line":413,"column":5}},"69":{"start":{"line":395,"column":25},"end":{"line":395,"column":86}},"70":{"start":{"line":396,"column":8},"end":{"line":398,"column":9}},"71":{"start":{"line":397,"column":12},"end":{"line":397,"column":69}},"72":{"start":{"line":400,"column":19},"end":{"line":400,"column":38}},"73":{"start":{"line":401,"column":30},"end":{"line":401,"column":61}},"74":{"start":{"line":402,"column":25},"end":{"line":402,"column":62}},"75":{"start":{"line":404,"column":8},"end":{"line":407,"column":10}},"76":{"start":{"line":409,"column":8},"end":{"line":409,"column":66}},"77":{"start":{"line":411,"column":8},"end":{"line":411,"column":42}},"78":{"start":{"line":412,"column":8},"end":{"line":412,"column":53}},"79":{"start":{"line":487,"column":0},"end":{"line":508,"column":3}},"80":{"start":{"line":488,"column":25},"end":{"line":488,"column":33}},"81":{"start":{"line":490,"column":4},"end":{"line":492,"column":5}},"82":{"start":{"line":491,"column":8},"end":{"line":491,"column":70}},"83":{"start":{"line":494,"column":4},"end":{"line":507,"column":5}},"84":{"start":{"line":495,"column":21},"end":{"line":495,"column":87}},"85":{"start":{"line":496,"column":8},"end":{"line":498,"column":9}},"86":{"start":{"line":497,"column":12},"end":{"line":497,"column":70}},"87":{"start":{"line":500,"column":30},"end":{"line":500,"column":61}},"88":{"start":{"line":501,"column":8},"end":{"line":501,"column":104}},"89":{"start":{"line":503,"column":8},"end":{"line":503,"column":48}},"90":{"start":{"line":505,"column":8},"end":{"line":505,"column":43}},"91":{"start":{"line":506,"column":8},"end":{"line":506,"column":54}},"92":{"start":{"line":565,"column":0},"end":{"line":580,"column":3}},"93":{"start":{"line":566,"column":4},"end":{"line":579,"column":5}},"94":{"start":{"line":567,"column":21},"end":{"line":567,"column":98}},"95":{"start":{"line":568,"column":8},"end":{"line":570,"column":9}},"96":{"start":{"line":569,"column":12},"end":{"line":569,"column":70}},"97":{"start":{"line":572,"column":26},"end":{"line":572,"column":48}},"98":{"start":{"line":573,"column":8},"end":{"line":573,"column":96}},"99":{"start":{"line":575,"column":8},"end":{"line":575,"column":100}},"100":{"start":{"line":577,"column":8},"end":{"line":577,"column":44}},"101":{"start":{"line":578,"column":8},"end":{"line":578,"column":55}},"102":{"start":{"line":640,"column":0},"end":{"line":657,"column":3}},"103":{"start":{"line":641,"column":4},"end":{"line":656,"column":5}},"104":{"start":{"line":643,"column":8},"end":{"line":645,"column":9}},"105":{"start":{"line":644,"column":12},"end":{"line":644,"column":73}},"106":{"start":{"line":647,"column":23},"end":{"line":647,"column":86}},"107":{"start":{"line":648,"column":8},"end":{"line":650,"column":9}},"108":{"start":{"line":649,"column":12},"end":{"line":649,"column":70}},"109":{"start":{"line":652,"column":8},"end":{"line":652,"column":47}},"110":{"start":{"line":654,"column":8},"end":{"line":654,"column":42}},"111":{"start":{"line":655,"column":8},"end":{"line":655,"column":53}},"112":{"start":{"line":659,"column":0},"end":{"line":659,"column":35}}},"fnMap":{"0":{"name":"setDb","decl":{"start":{"line":10,"column":9},"end":{"line":10,"column":14}},"loc":{"start":{"line":10,"column":27},"end":{"line":12,"column":1}},"line":10},"1":{"name":"(anonymous_1)","decl":{"start":{"line":87,"column":22},"end":{"line":87,"column":23}},"loc":{"start":{"line":87,"column":42},"end":{"line":139,"column":1}},"line":87},"2":{"name":"(anonymous_2)","decl":{"start":{"line":124,"column":47},"end":{"line":124,"column":48}},"loc":{"start":{"line":124,"column":54},"end":{"line":126,"column":9}},"line":124},"3":{"name":"(anonymous_3)","decl":{"start":{"line":167,"column":23},"end":{"line":167,"column":24}},"loc":{"start":{"line":167,"column":37},"end":{"line":176,"column":1}},"line":167},"4":{"name":"(anonymous_4)","decl":{"start":{"line":168,"column":24},"end":{"line":168,"column":25}},"loc":{"start":{"line":168,"column":33},"end":{"line":175,"column":5}},"line":168},"5":{"name":"(anonymous_5)","decl":{"start":{"line":206,"column":18},"end":{"line":206,"column":19}},"loc":{"start":{"line":206,"column":38},"end":{"line":227,"column":1}},"line":206},"6":{"name":"(anonymous_6)","decl":{"start":{"line":218,"column":32},"end":{"line":218,"column":33}},"loc":{"start":{"line":218,"column":38},"end":{"line":218,"column":40}},"line":218},"7":{"name":"requireAdmin","decl":{"start":{"line":232,"column":15},"end":{"line":232,"column":27}},"loc":{"start":{"line":232,"column":44},"end":{"line":246,"column":1}},"line":232},"8":{"name":"(anonymous_8)","decl":{"start":{"line":287,"column":35},"end":{"line":287,"column":36}},"loc":{"start":{"line":287,"column":55},"end":{"line":297,"column":1}},"line":287},"9":{"name":"(anonymous_9)","decl":{"start":{"line":383,"column":36},"end":{"line":383,"column":37}},"loc":{"start":{"line":383,"column":56},"end":{"line":414,"column":1}},"line":383},"10":{"name":"(anonymous_10)","decl":{"start":{"line":487,"column":48},"end":{"line":487,"column":49}},"loc":{"start":{"line":487,"column":68},"end":{"line":508,"column":1}},"line":487},"11":{"name":"(anonymous_11)","decl":{"start":{"line":565,"column":46},"end":{"line":565,"column":47}},"loc":{"start":{"line":565,"column":66},"end":{"line":580,"column":1}},"line":565},"12":{"name":"(anonymous_12)","decl":{"start":{"line":640,"column":42},"end":{"line":640,"column":43}},"loc":{"start":{"line":640,"column":62},"end":{"line":657,"column":1}},"line":640}},"branchMap":{"0":{"loc":{"start":{"line":90,"column":4},"end":{"line":92,"column":5}},"type":"if","locations":[{"start":{"line":90,"column":4},"end":{"line":92,"column":5}},{"start":{},"end":{}}],"line":90},"1":{"loc":{"start":{"line":90,"column":8},"end":{"line":90,"column":27}},"type":"binary-expr","locations":[{"start":{"line":90,"column":8},"end":{"line":90,"column":14}},{"start":{"line":90,"column":18},"end":{"line":90,"column":27}}],"line":90},"2":{"loc":{"start":{"line":100,"column":8},"end":{"line":102,"column":9}},"type":"if","locations":[{"start":{"line":100,"column":8},"end":{"line":102,"column":9}},{"start":{},"end":{}}],"line":100},"3":{"loc":{"start":{"line":104,"column":8},"end":{"line":106,"column":9}},"type":"if","locations":[{"start":{"line":104,"column":8},"end":{"line":106,"column":9}},{"start":{},"end":{}}],"line":104},"4":{"loc":{"start":{"line":109,"column":8},"end":{"line":111,"column":9}},"type":"if","locations":[{"start":{"line":109,"column":8},"end":{"line":111,"column":9}},{"start":{},"end":{}}],"line":109},"5":{"loc":{"start":{"line":169,"column":8},"end":{"line":172,"column":9}},"type":"if","locations":[{"start":{"line":169,"column":8},"end":{"line":172,"column":9}},{"start":{},"end":{}}],"line":169},"6":{"loc":{"start":{"line":207,"column":4},"end":{"line":209,"column":5}},"type":"if","locations":[{"start":{"line":207,"column":4},"end":{"line":209,"column":5}},{"start":{},"end":{}}],"line":207},"7":{"loc":{"start":{"line":207,"column":8},"end":{"line":207,"column":43}},"type":"binary-expr","locations":[{"start":{"line":207,"column":8},"end":{"line":207,"column":20}},{"start":{"line":207,"column":24},"end":{"line":207,"column":43}}],"line":207},"8":{"loc":{"start":{"line":217,"column":8},"end":{"line":220,"column":9}},"type":"if","locations":[{"start":{"line":217,"column":8},"end":{"line":220,"column":9}},{"start":{},"end":{}}],"line":217},"9":{"loc":{"start":{"line":234,"column":8},"end":{"line":236,"column":9}},"type":"if","locations":[{"start":{"line":234,"column":8},"end":{"line":236,"column":9}},{"start":{},"end":{}}],"line":234},"10":{"loc":{"start":{"line":234,"column":12},"end":{"line":234,"column":47}},"type":"binary-expr","locations":[{"start":{"line":234,"column":12},"end":{"line":234,"column":24}},{"start":{"line":234,"column":28},"end":{"line":234,"column":47}}],"line":234},"11":{"loc":{"start":{"line":238,"column":8},"end":{"line":240,"column":9}},"type":"if","locations":[{"start":{"line":238,"column":8},"end":{"line":240,"column":9}},{"start":{},"end":{}}],"line":238},"12":{"loc":{"start":{"line":238,"column":12},"end":{"line":238,"column":42}},"type":"binary-expr","locations":[{"start":{"line":238,"column":12},"end":{"line":238,"column":17}},{"start":{"line":238,"column":21},"end":{"line":238,"column":42}}],"line":238},"13":{"loc":{"start":{"line":386,"column":4},"end":{"line":388,"column":5}},"type":"if","locations":[{"start":{"line":386,"column":4},"end":{"line":388,"column":5}},{"start":{},"end":{}}],"line":386},"14":{"loc":{"start":{"line":386,"column":8},"end":{"line":386,"column":36}},"type":"binary-expr","locations":[{"start":{"line":386,"column":8},"end":{"line":386,"column":14}},{"start":{"line":386,"column":18},"end":{"line":386,"column":27}},{"start":{"line":386,"column":31},"end":{"line":386,"column":36}}],"line":386},"15":{"loc":{"start":{"line":390,"column":4},"end":{"line":392,"column":5}},"type":"if","locations":[{"start":{"line":390,"column":4},"end":{"line":392,"column":5}},{"start":{},"end":{}}],"line":390},"16":{"loc":{"start":{"line":396,"column":8},"end":{"line":398,"column":9}},"type":"if","locations":[{"start":{"line":396,"column":8},"end":{"line":398,"column":9}},{"start":{},"end":{}}],"line":396},"17":{"loc":{"start":{"line":402,"column":25},"end":{"line":402,"column":62}},"type":"cond-expr","locations":[{"start":{"line":402,"column":46},"end":{"line":402,"column":53}},{"start":{"line":402,"column":56},"end":{"line":402,"column":62}}],"line":402},"18":{"loc":{"start":{"line":490,"column":4},"end":{"line":492,"column":5}},"type":"if","locations":[{"start":{"line":490,"column":4},"end":{"line":492,"column":5}},{"start":{},"end":{}}],"line":490},"19":{"loc":{"start":{"line":490,"column":8},"end":{"line":490,"column":40}},"type":"binary-expr","locations":[{"start":{"line":490,"column":8},"end":{"line":490,"column":17}},{"start":{"line":490,"column":21},"end":{"line":490,"column":40}}],"line":490},"20":{"loc":{"start":{"line":496,"column":8},"end":{"line":498,"column":9}},"type":"if","locations":[{"start":{"line":496,"column":8},"end":{"line":498,"column":9}},{"start":{},"end":{}}],"line":496},"21":{"loc":{"start":{"line":568,"column":8},"end":{"line":570,"column":9}},"type":"if","locations":[{"start":{"line":568,"column":8},"end":{"line":570,"column":9}},{"start":{},"end":{}}],"line":568},"22":{"loc":{"start":{"line":572,"column":26},"end":{"line":572,"column":48}},"type":"cond-expr","locations":[{"start":{"line":572,"column":43},"end":{"line":572,"column":44}},{"start":{"line":572,"column":47},"end":{"line":572,"column":48}}],"line":572},"23":{"loc":{"start":{"line":575,"column":28},"end":{"line":575,"column":74}},"type":"cond-expr","locations":[{"start":{"line":575,"column":40},"end":{"line":575,"column":55}},{"start":{"line":575,"column":58},"end":{"line":575,"column":74}}],"line":575},"24":{"loc":{"start":{"line":643,"column":8},"end":{"line":645,"column":9}},"type":"if","locations":[{"start":{"line":643,"column":8},"end":{"line":645,"column":9}},{"start":{},"end":{}}],"line":643},"25":{"loc":{"start":{"line":648,"column":8},"end":{"line":650,"column":9}},"type":"if","locations":[{"start":{"line":648,"column":8},"end":{"line":650,"column":9}},{"start":{},"end":{}}],"line":648}},"s":{"0":2,"1":2,"2":2,"3":2,"4":2,"5":2,"6":2,"7":2,"8":2,"9":59,"10":59,"11":0,"12":59,"13":59,"14":59,"15":0,"16":59,"17":0,"18":59,"19":59,"20":0,"21":59,"22":59,"23":59,"24":59,"25":0,"26":59,"27":0,"28":0,"29":2,"30":0,"31":0,"32":0,"33":0,"34":0,"35":0,"36":2,"37":0,"38":0,"39":0,"40":0,"41":0,"42":0,"43":0,"44":0,"45":0,"46":0,"47":0,"48":0,"49":0,"50":0,"51":0,"52":0,"53":0,"54":0,"55":0,"56":2,"57":0,"58":0,"59":0,"60":0,"61":0,"62":2,"63":0,"64":0,"65":0,"66":0,"67":0,"68":0,"69":0,"70":0,"71":0,"72":0,"73":0,"74":0,"75":0,"76":0,"77":0,"78":0,"79":2,"80":0,"81":0,"82":0,"83":0,"84":0,"85":0,"86":0,"87":0,"88":0,"89":0,"90":0,"91":0,"92":2,"93":0,"94":0,"95":0,"96":0,"97":0,"98":0,"99":0,"100":0,"101":0,"102":2,"103":0,"104":0,"105":0,"106":0,"107":0,"108":0,"109":0,"110":0,"111":0,"112":2},"f":{"0":2,"1":59,"2":0,"3":0,"4":0,"5":0,"6":0,"7":0,"8":0,"9":0,"10":0,"11":0,"12":0},"b":{"0":[0,59],"1":[59,59],"2":[0,59],"3":[0,59],"4":[0,59],"5":[0,0],"6":[0,0],"7":[0,0],"8":[0,0],"9":[0,0],"10":[0,0],"11":[0,0],"12":[0,0],"13":[0,0],"14":[0,0,0],"15":[0,0],"16":[0,0],"17":[0,0],"18":[0,0],"19":[0,0],"20":[0,0],"21":[0,0],"22":[0,0],"23":[0,0],"24":[0,0],"25":[0,0]},"_coverageSchema":"1a1c01bbd47fc00a2c39e90264f33305004495a9","hash":"8f7b9d904f38150459714be00154cd3ef5c0ff10"}
,"C:\\Users\\kgj12\\Root\\main\\backend\\routes\\backup.js": {"path":"C:\\Users\\kgj12\\Root\\main\\backend\\routes\\backup.js","statementMap":{"0":{"start":{"line":1,"column":16},"end":{"line":1,"column":34}},"1":{"start":{"line":2,"column":11},"end":{"line":2,"column":24}},"2":{"start":{"line":3,"column":13},"end":{"line":3,"column":28}},"3":{"start":{"line":7,"column":77},"end":{"line":14,"column":6}},"4":{"start":{"line":15,"column":4},"end":{"line":20,"column":6}},"5":{"start":{"line":24,"column":19},"end":{"line":24,"column":35}},"6":{"start":{"line":27,"column":4},"end":{"line":34,"column":7}},"7":{"start":{"line":28,"column":8},"end":{"line":33,"column":9}},"8":{"start":{"line":29,"column":27},"end":{"line":29,"column":52}},"9":{"start":{"line":30,"column":12},"end":{"line":30,"column":29}},"10":{"start":{"line":32,"column":12},"end":{"line":32,"column":78}},"11":{"start":{"line":37,"column":4},"end":{"line":48,"column":7}},"12":{"start":{"line":38,"column":8},"end":{"line":47,"column":9}},"13":{"start":{"line":39,"column":27},"end":{"line":39,"column":52}},"14":{"start":{"line":40,"column":29},"end":{"line":40,"column":93}},"15":{"start":{"line":42,"column":12},"end":{"line":42,"column":62}},"16":{"start":{"line":43,"column":12},"end":{"line":43,"column":87}},"17":{"start":{"line":44,"column":12},"end":{"line":44,"column":54}},"18":{"start":{"line":46,"column":12},"end":{"line":46,"column":76}},"19":{"start":{"line":51,"column":4},"end":{"line":93,"column":7}},"20":{"start":{"line":52,"column":8},"end":{"line":92,"column":9}},"21":{"start":{"line":53,"column":27},"end":{"line":53,"column":73}},"22":{"start":{"line":54,"column":30},"end":{"line":54,"column":67}},"23":{"start":{"line":57,"column":12},"end":{"line":57,"column":68}},"24":{"start":{"line":59,"column":30},"end":{"line":59,"column":76}},"25":{"start":{"line":60,"column":31},"end":{"line":60,"column":91}},"26":{"start":{"line":63,"column":12},"end":{"line":63,"column":59}},"27":{"start":{"line":66,"column":30},"end":{"line":66,"column":66}},"28":{"start":{"line":67,"column":32},"end":{"line":75,"column":13}},"29":{"start":{"line":69,"column":33},"end":{"line":69,"column":70}},"30":{"start":{"line":71,"column":41},"end":{"line":71,"column":64}},"31":{"start":{"line":72,"column":37},"end":{"line":72,"column":69}},"32":{"start":{"line":73,"column":24},"end":{"line":73,"column":87}},"33":{"start":{"line":76,"column":12},"end":{"line":76,"column":56}},"34":{"start":{"line":76,"column":39},"end":{"line":76,"column":54}},"35":{"start":{"line":78,"column":12},"end":{"line":82,"column":13}},"36":{"start":{"line":79,"column":16},"end":{"line":81,"column":17}},"37":{"start":{"line":80,"column":20},"end":{"line":80,"column":53}},"38":{"start":{"line":84,"column":12},"end":{"line":89,"column":15}},"39":{"start":{"line":91,"column":12},"end":{"line":91,"column":74}},"40":{"start":{"line":95,"column":4},"end":{"line":95,"column":18}},"41":{"start":{"line":98,"column":0},"end":{"line":98,"column":36}}},"fnMap":{"0":{"name":"buildBackupData","decl":{"start":{"line":6,"column":15},"end":{"line":6,"column":30}},"loc":{"start":{"line":6,"column":41},"end":{"line":21,"column":1}},"line":6},"1":{"name":"createBackupRoutes","decl":{"start":{"line":23,"column":9},"end":{"line":23,"column":27}},"loc":{"start":{"line":23,"column":32},"end":{"line":96,"column":1}},"line":23},"2":{"name":"(anonymous_2)","decl":{"start":{"line":27,"column":28},"end":{"line":27,"column":29}},"loc":{"start":{"line":27,"column":48},"end":{"line":34,"column":5}},"line":27},"3":{"name":"(anonymous_3)","decl":{"start":{"line":37,"column":28},"end":{"line":37,"column":29}},"loc":{"start":{"line":37,"column":48},"end":{"line":48,"column":5}},"line":37},"4":{"name":"(anonymous_4)","decl":{"start":{"line":51,"column":24},"end":{"line":51,"column":25}},"loc":{"start":{"line":51,"column":44},"end":{"line":93,"column":5}},"line":51},"5":{"name":"(anonymous_5)","decl":{"start":{"line":69,"column":28},"end":{"line":69,"column":29}},"loc":{"start":{"line":69,"column":33},"end":{"line":69,"column":70}},"line":69},"6":{"name":"(anonymous_6)","decl":{"start":{"line":70,"column":25},"end":{"line":70,"column":26}},"loc":{"start":{"line":70,"column":36},"end":{"line":74,"column":21}},"line":70},"7":{"name":"(anonymous_7)","decl":{"start":{"line":76,"column":29},"end":{"line":76,"column":30}},"loc":{"start":{"line":76,"column":39},"end":{"line":76,"column":54}},"line":76}},"branchMap":{"0":{"loc":{"start":{"line":78,"column":12},"end":{"line":82,"column":13}},"type":"if","locations":[{"start":{"line":78,"column":12},"end":{"line":82,"column":13}},{"start":{},"end":{}}],"line":78}},"s":{"0":2,"1":2,"2":2,"3":0,"4":0,"5":2,"6":2,"7":0,"8":0,"9":0,"10":0,"11":2,"12":0,"13":0,"14":0,"15":0,"16":0,"17":0,"18":0,"19":2,"20":0,"21":0,"22":0,"23":0,"24":0,"25":0,"26":0,"27":0,"28":0,"29":0,"30":0,"31":0,"32":0,"33":0,"34":0,"35":0,"36":0,"37":0,"38":0,"39":0,"40":2,"41":2},"f":{"0":0,"1":2,"2":0,"3":0,"4":0,"5":0,"6":0,"7":0},"b":{"0":[0,0]},"_coverageSchema":"1a1c01bbd47fc00a2c39e90264f33305004495a9","hash":"8538a9edadc1900782a5ab540417771d35aa1b49"}
,"C:\\Users\\kgj12\\Root\\main\\backend\\routes\\bank-accounts.js": {"path":"C:\\Users\\kgj12\\Root\\main\\backend\\routes\\bank-accounts.js","statementMap":{"0":{"start":{"line":2,"column":16},"end":{"line":2,"column":34}},"1":{"start":{"line":3,"column":15},"end":{"line":3,"column":31}},"2":{"start":{"line":4,"column":23},"end":{"line":4,"column":38}},"3":{"start":{"line":5,"column":15},"end":{"line":5,"column":35}},"4":{"start":{"line":48,"column":10},"end":{"line":48,"column":14}},"5":{"start":{"line":51,"column":4},"end":{"line":51,"column":50}},"6":{"start":{"line":51,"column":14},"end":{"line":51,"column":50}},"7":{"start":{"line":52,"column":4},"end":{"line":52,"column":15}},"8":{"start":{"line":82,"column":0},"end":{"line":91,"column":3}},"9":{"start":{"line":83,"column":4},"end":{"line":90,"column":5}},"10":{"start":{"line":84,"column":19},"end":{"line":84,"column":26}},"11":{"start":{"line":85,"column":25},"end":{"line":85,"column":110}},"12":{"start":{"line":86,"column":8},"end":{"line":86,"column":37}},"13":{"start":{"line":88,"column":8},"end":{"line":88,"column":47}},"14":{"start":{"line":89,"column":8},"end":{"line":89,"column":58}},"15":{"start":{"line":121,"column":0},"end":{"line":135,"column":3}},"16":{"start":{"line":122,"column":4},"end":{"line":134,"column":5}},"17":{"start":{"line":123,"column":19},"end":{"line":123,"column":26}},"18":{"start":{"line":124,"column":24},"end":{"line":124,"column":96}},"19":{"start":{"line":126,"column":8},"end":{"line":128,"column":9}},"20":{"start":{"line":127,"column":12},"end":{"line":127,"column":72}},"21":{"start":{"line":130,"column":8},"end":{"line":130,"column":26}},"22":{"start":{"line":132,"column":8},"end":{"line":132,"column":44}},"23":{"start":{"line":133,"column":8},"end":{"line":133,"column":55}},"24":{"start":{"line":192,"column":0},"end":{"line":228,"column":3}},"25":{"start":{"line":193,"column":4},"end":{"line":227,"column":5}},"26":{"start":{"line":194,"column":19},"end":{"line":194,"column":26}},"27":{"start":{"line":195,"column":74},"end":{"line":195,"column":82}},"28":{"start":{"line":197,"column":8},"end":{"line":199,"column":9}},"29":{"start":{"line":198,"column":12},"end":{"line":198,"column":77}},"30":{"start":{"line":201,"column":8},"end":{"line":203,"column":9}},"31":{"start":{"line":202,"column":12},"end":{"line":202,"column":88}},"32":{"start":{"line":206,"column":8},"end":{"line":208,"column":9}},"33":{"start":{"line":207,"column":12},"end":{"line":207,"column":89}},"34":{"start":{"line":210,"column":24},"end":{"line":216,"column":9}},"35":{"start":{"line":218,"column":8},"end":{"line":221,"column":112}},"36":{"start":{"line":223,"column":8},"end":{"line":223,"column":38}},"37":{"start":{"line":225,"column":8},"end":{"line":225,"column":44}},"38":{"start":{"line":226,"column":8},"end":{"line":226,"column":55}},"39":{"start":{"line":295,"column":0},"end":{"line":340,"column":3}},"40":{"start":{"line":296,"column":4},"end":{"line":339,"column":5}},"41":{"start":{"line":297,"column":19},"end":{"line":297,"column":26}},"42":{"start":{"line":298,"column":24},"end":{"line":298,"column":97}},"43":{"start":{"line":300,"column":8},"end":{"line":302,"column":9}},"44":{"start":{"line":301,"column":12},"end":{"line":301,"column":72}},"45":{"start":{"line":304,"column":24},"end":{"line":304,"column":39}},"46":{"start":{"line":305,"column":8},"end":{"line":305,"column":26}},"47":{"start":{"line":306,"column":8},"end":{"line":306,"column":34}},"48":{"start":{"line":309,"column":8},"end":{"line":312,"column":9}},"49":{"start":{"line":310,"column":12},"end":{"line":310,"column":118}},"50":{"start":{"line":311,"column":12},"end":{"line":311,"column":35}},"51":{"start":{"line":315,"column":32},"end":{"line":315,"column":95}},"52":{"start":{"line":316,"column":25},"end":{"line":316,"column":90}},"53":{"start":{"line":316,"column":60},"end":{"line":316,"column":89}},"54":{"start":{"line":317,"column":8},"end":{"line":319,"column":9}},"55":{"start":{"line":318,"column":12},"end":{"line":318,"column":74}},"56":{"start":{"line":321,"column":30},"end":{"line":321,"column":79}},"57":{"start":{"line":322,"column":8},"end":{"line":326,"column":9}},"58":{"start":{"line":323,"column":12},"end":{"line":325,"column":13}},"59":{"start":{"line":324,"column":16},"end":{"line":324,"column":89}},"60":{"start":{"line":328,"column":26},"end":{"line":328,"column":70}},"61":{"start":{"line":328,"column":46},"end":{"line":328,"column":58}},"62":{"start":{"line":329,"column":23},"end":{"line":329,"column":56}},"63":{"start":{"line":329,"column":43},"end":{"line":329,"column":55}},"64":{"start":{"line":330,"column":8},"end":{"line":330,"column":35}},"65":{"start":{"line":332,"column":8},"end":{"line":332,"column":83}},"66":{"start":{"line":334,"column":31},"end":{"line":334,"column":104}},"67":{"start":{"line":335,"column":8},"end":{"line":335,"column":33}},"68":{"start":{"line":337,"column":8},"end":{"line":337,"column":44}},"69":{"start":{"line":338,"column":8},"end":{"line":338,"column":55}},"70":{"start":{"line":378,"column":0},"end":{"line":399,"column":3}},"71":{"start":{"line":379,"column":4},"end":{"line":398,"column":5}},"72":{"start":{"line":380,"column":19},"end":{"line":380,"column":26}},"73":{"start":{"line":381,"column":24},"end":{"line":381,"column":97}},"74":{"start":{"line":383,"column":8},"end":{"line":385,"column":9}},"75":{"start":{"line":384,"column":12},"end":{"line":384,"column":72}},"76":{"start":{"line":388,"column":8},"end":{"line":388,"column":85}},"77":{"start":{"line":391,"column":8},"end":{"line":391,"column":94}},"78":{"start":{"line":393,"column":31},"end":{"line":393,"column":104}},"79":{"start":{"line":394,"column":8},"end":{"line":394,"column":33}},"80":{"start":{"line":396,"column":8},"end":{"line":396,"column":44}},"81":{"start":{"line":397,"column":8},"end":{"line":397,"column":55}},"82":{"start":{"line":433,"column":0},"end":{"line":447,"column":3}},"83":{"start":{"line":434,"column":4},"end":{"line":446,"column":5}},"84":{"start":{"line":435,"column":19},"end":{"line":435,"column":26}},"85":{"start":{"line":436,"column":23},"end":{"line":436,"column":94}},"86":{"start":{"line":438,"column":8},"end":{"line":440,"column":9}},"87":{"start":{"line":439,"column":12},"end":{"line":439,"column":72}},"88":{"start":{"line":442,"column":8},"end":{"line":442,"column":31}},"89":{"start":{"line":444,"column":8},"end":{"line":444,"column":44}},"90":{"start":{"line":445,"column":8},"end":{"line":445,"column":55}},"91":{"start":{"line":449,"column":0},"end":{"line":452,"column":2}},"92":{"start":{"line":450,"column":4},"end":{"line":450,"column":13}},"93":{"start":{"line":451,"column":4},"end":{"line":451,"column":18}}},"fnMap":{"0":{"name":"getDb","decl":{"start":{"line":50,"column":9},"end":{"line":50,"column":14}},"loc":{"start":{"line":50,"column":17},"end":{"line":53,"column":1}},"line":50},"1":{"name":"(anonymous_1)","decl":{"start":{"line":82,"column":16},"end":{"line":82,"column":17}},"loc":{"start":{"line":82,"column":36},"end":{"line":91,"column":1}},"line":82},"2":{"name":"(anonymous_2)","decl":{"start":{"line":121,"column":23},"end":{"line":121,"column":24}},"loc":{"start":{"line":121,"column":43},"end":{"line":135,"column":1}},"line":121},"3":{"name":"(anonymous_3)","decl":{"start":{"line":192,"column":17},"end":{"line":192,"column":18}},"loc":{"start":{"line":192,"column":37},"end":{"line":228,"column":1}},"line":192},"4":{"name":"(anonymous_4)","decl":{"start":{"line":295,"column":19},"end":{"line":295,"column":20}},"loc":{"start":{"line":295,"column":39},"end":{"line":340,"column":1}},"line":295},"5":{"name":"(anonymous_5)","decl":{"start":{"line":316,"column":53},"end":{"line":316,"column":54}},"loc":{"start":{"line":316,"column":60},"end":{"line":316,"column":89}},"line":316},"6":{"name":"(anonymous_6)","decl":{"start":{"line":328,"column":39},"end":{"line":328,"column":40}},"loc":{"start":{"line":328,"column":46},"end":{"line":328,"column":58}},"line":328},"7":{"name":"(anonymous_7)","decl":{"start":{"line":329,"column":36},"end":{"line":329,"column":37}},"loc":{"start":{"line":329,"column":43},"end":{"line":329,"column":55}},"line":329},"8":{"name":"(anonymous_8)","decl":{"start":{"line":378,"column":31},"end":{"line":378,"column":32}},"loc":{"start":{"line":378,"column":51},"end":{"line":399,"column":1}},"line":378},"9":{"name":"(anonymous_9)","decl":{"start":{"line":433,"column":22},"end":{"line":433,"column":23}},"loc":{"start":{"line":433,"column":42},"end":{"line":447,"column":1}},"line":433},"10":{"name":"(anonymous_10)","decl":{"start":{"line":449,"column":17},"end":{"line":449,"column":18}},"loc":{"start":{"line":449,"column":30},"end":{"line":452,"column":1}},"line":449}},"branchMap":{"0":{"loc":{"start":{"line":51,"column":4},"end":{"line":51,"column":50}},"type":"if","locations":[{"start":{"line":51,"column":4},"end":{"line":51,"column":50}},{"start":{},"end":{}}],"line":51},"1":{"loc":{"start":{"line":126,"column":8},"end":{"line":128,"column":9}},"type":"if","locations":[{"start":{"line":126,"column":8},"end":{"line":128,"column":9}},{"start":{},"end":{}}],"line":126},"2":{"loc":{"start":{"line":197,"column":8},"end":{"line":199,"column":9}},"type":"if","locations":[{"start":{"line":197,"column":8},"end":{"line":199,"column":9}},{"start":{},"end":{}}],"line":197},"3":{"loc":{"start":{"line":197,"column":12},"end":{"line":197,"column":60}},"type":"binary-expr","locations":[{"start":{"line":197,"column":12},"end":{"line":197,"column":22}},{"start":{"line":197,"column":26},"end":{"line":197,"column":41}},{"start":{"line":197,"column":45},"end":{"line":197,"column":60}}],"line":197},"4":{"loc":{"start":{"line":201,"column":8},"end":{"line":203,"column":9}},"type":"if","locations":[{"start":{"line":201,"column":8},"end":{"line":203,"column":9}},{"start":{},"end":{}}],"line":201},"5":{"loc":{"start":{"line":201,"column":12},"end":{"line":201,"column":96}},"type":"binary-expr","locations":[{"start":{"line":201,"column":12},"end":{"line":201,"column":34}},{"start":{"line":201,"column":38},"end":{"line":201,"column":65}},{"start":{"line":201,"column":69},"end":{"line":201,"column":96}}],"line":201},"6":{"loc":{"start":{"line":206,"column":8},"end":{"line":208,"column":9}},"type":"if","locations":[{"start":{"line":206,"column":8},"end":{"line":208,"column":9}},{"start":{},"end":{}}],"line":206},"7":{"loc":{"start":{"line":215,"column":24},"end":{"line":215,"column":42}},"type":"cond-expr","locations":[{"start":{"line":215,"column":37},"end":{"line":215,"column":38}},{"start":{"line":215,"column":41},"end":{"line":215,"column":42}}],"line":215},"8":{"loc":{"start":{"line":300,"column":8},"end":{"line":302,"column":9}},"type":"if","locations":[{"start":{"line":300,"column":8},"end":{"line":302,"column":9}},{"start":{},"end":{}}],"line":300},"9":{"loc":{"start":{"line":309,"column":8},"end":{"line":312,"column":9}},"type":"if","locations":[{"start":{"line":309,"column":8},"end":{"line":312,"column":9}},{"start":{},"end":{}}],"line":309},"10":{"loc":{"start":{"line":317,"column":8},"end":{"line":319,"column":9}},"type":"if","locations":[{"start":{"line":317,"column":8},"end":{"line":319,"column":9}},{"start":{},"end":{}}],"line":317},"11":{"loc":{"start":{"line":323,"column":12},"end":{"line":325,"column":13}},"type":"if","locations":[{"start":{"line":323,"column":12},"end":{"line":325,"column":13}},{"start":{},"end":{}}],"line":323},"12":{"loc":{"start":{"line":323,"column":16},"end":{"line":323,"column":83}},"type":"binary-expr","locations":[{"start":{"line":323,"column":16},"end":{"line":323,"column":44}},{"start":{"line":323,"column":48},"end":{"line":323,"column":83}}],"line":323},"13":{"loc":{"start":{"line":383,"column":8},"end":{"line":385,"column":9}},"type":"if","locations":[{"start":{"line":383,"column":8},"end":{"line":385,"column":9}},{"start":{},"end":{}}],"line":383},"14":{"loc":{"start":{"line":438,"column":8},"end":{"line":440,"column":9}},"type":"if","locations":[{"start":{"line":438,"column":8},"end":{"line":440,"column":9}},{"start":{},"end":{}}],"line":438}},"s":{"0":2,"1":2,"2":2,"3":2,"4":2,"5":0,"6":0,"7":0,"8":2,"9":0,"10":0,"11":0,"12":0,"13":0,"14":0,"15":2,"16":0,"17":0,"18":0,"19":0,"20":0,"21":0,"22":0,"23":0,"24":2,"25":0,"26":0,"27":0,"28":0,"29":0,"30":0,"31":0,"32":0,"33":0,"34":0,"35":0,"36":0,"37":0,"38":0,"39":2,"40":0,"41":0,"42":0,"43":0,"44":0,"45":0,"46":0,"47":0,"48":0,"49":0,"50":0,"51":0,"52":0,"53":0,"54":0,"55":0,"56":0,"57":0,"58":0,"59":0,"60":0,"61":0,"62":0,"63":0,"64":0,"65":0,"66":0,"67":0,"68":0,"69":0,"70":2,"71":0,"72":0,"73":0,"74":0,"75":0,"76":0,"77":0,"78":0,"79":0,"80":0,"81":0,"82":2,"83":0,"84":0,"85":0,"86":0,"87":0,"88":0,"89":0,"90":0,"91":2,"92":2,"93":2},"f":{"0":0,"1":0,"2":0,"3":0,"4":0,"5":0,"6":0,"7":0,"8":0,"9":0,"10":2},"b":{"0":[0,0],"1":[0,0],"2":[0,0],"3":[0,0,0],"4":[0,0],"5":[0,0,0],"6":[0,0],"7":[0,0],"8":[0,0],"9":[0,0],"10":[0,0],"11":[0,0],"12":[0,0],"13":[0,0],"14":[0,0]},"_coverageSchema":"1a1c01bbd47fc00a2c39e90264f33305004495a9","hash":"489dfb44324f52899a440a0b1f629ab7d64b85d4"}
,"C:\\Users\\kgj12\\Root\\main\\backend\\routes\\cost-calculations.js": {"path":"C:\\Users\\kgj12\\Root\\main\\backend\\routes\\cost-calculations.js","statementMap":{"0":{"start":{"line":1,"column":16},"end":{"line":1,"column":34}},"1":{"start":{"line":2,"column":15},"end":{"line":2,"column":35}},"2":{"start":{"line":4,"column":16},"end":{"line":4,"column":37}},"3":{"start":{"line":7,"column":19},"end":{"line":7,"column":35}},"4":{"start":{"line":10,"column":4},"end":{"line":19,"column":7}},"5":{"start":{"line":11,"column":8},"end":{"line":18,"column":9}},"6":{"start":{"line":12,"column":26},"end":{"line":14,"column":13}},"7":{"start":{"line":15,"column":12},"end":{"line":15,"column":28}},"8":{"start":{"line":17,"column":12},"end":{"line":17,"column":81}},"9":{"start":{"line":22,"column":4},"end":{"line":38,"column":7}},"10":{"start":{"line":23,"column":23},"end":{"line":23,"column":33}},"11":{"start":{"line":24,"column":8},"end":{"line":37,"column":9}},"12":{"start":{"line":25,"column":25},"end":{"line":25,"column":91}},"13":{"start":{"line":26,"column":12},"end":{"line":34,"column":13}},"14":{"start":{"line":27,"column":16},"end":{"line":27,"column":134}},"15":{"start":{"line":27,"column":22},"end":{"line":27,"column":92}},"16":{"start":{"line":27,"column":44},"end":{"line":27,"column":92}},"17":{"start":{"line":27,"column":108},"end":{"line":27,"column":132}},"18":{"start":{"line":28,"column":16},"end":{"line":28,"column":126}},"19":{"start":{"line":28,"column":22},"end":{"line":28,"column":86}},"20":{"start":{"line":28,"column":42},"end":{"line":28,"column":86}},"21":{"start":{"line":28,"column":102},"end":{"line":28,"column":124}},"22":{"start":{"line":29,"column":16},"end":{"line":29,"column":134}},"23":{"start":{"line":29,"column":22},"end":{"line":29,"column":92}},"24":{"start":{"line":29,"column":44},"end":{"line":29,"column":92}},"25":{"start":{"line":29,"column":108},"end":{"line":29,"column":132}},"26":{"start":{"line":30,"column":16},"end":{"line":30,"column":134}},"27":{"start":{"line":30,"column":22},"end":{"line":30,"column":92}},"28":{"start":{"line":30,"column":44},"end":{"line":30,"column":92}},"29":{"start":{"line":30,"column":108},"end":{"line":30,"column":132}},"30":{"start":{"line":31,"column":16},"end":{"line":31,"column":31}},"31":{"start":{"line":33,"column":16},"end":{"line":33,"column":70}},"32":{"start":{"line":36,"column":12},"end":{"line":36,"column":78}},"33":{"start":{"line":41,"column":4},"end":{"line":169,"column":7}},"34":{"start":{"line":42,"column":21},"end":{"line":42,"column":29}},"35":{"start":{"line":45,"column":8},"end":{"line":47,"column":9}},"36":{"start":{"line":46,"column":12},"end":{"line":46,"column":66}},"37":{"start":{"line":50,"column":8},"end":{"line":52,"column":9}},"38":{"start":{"line":51,"column":12},"end":{"line":51,"column":77}},"39":{"start":{"line":55,"column":8},"end":{"line":57,"column":9}},"40":{"start":{"line":56,"column":12},"end":{"line":56,"column":86}},"41":{"start":{"line":58,"column":8},"end":{"line":60,"column":9}},"42":{"start":{"line":59,"column":12},"end":{"line":59,"column":86}},"43":{"start":{"line":63,"column":8},"end":{"line":70,"column":9}},"44":{"start":{"line":64,"column":12},"end":{"line":69,"column":13}},"45":{"start":{"line":65,"column":28},"end":{"line":65,"column":47}},"46":{"start":{"line":66,"column":16},"end":{"line":68,"column":17}},"47":{"start":{"line":67,"column":20},"end":{"line":67,"column":91}},"48":{"start":{"line":73,"column":27},"end":{"line":73,"column":85}},"49":{"start":{"line":74,"column":25},"end":{"line":74,"column":79}},"50":{"start":{"line":75,"column":26},"end":{"line":75,"column":84}},"51":{"start":{"line":76,"column":26},"end":{"line":76,"column":84}},"52":{"start":{"line":78,"column":8},"end":{"line":168,"column":9}},"53":{"start":{"line":79,"column":12},"end":{"line":164,"column":13}},"54":{"start":{"line":80,"column":33},"end":{"line":80,"column":109}},"55":{"start":{"line":82,"column":16},"end":{"line":122,"column":17}},"56":{"start":{"line":83,"column":20},"end":{"line":99,"column":23}},"57":{"start":{"line":101,"column":36},"end":{"line":101,"column":111}},"58":{"start":{"line":102,"column":20},"end":{"line":102,"column":79}},"59":{"start":{"line":104,"column":20},"end":{"line":118,"column":23}},"60":{"start":{"line":120,"column":36},"end":{"line":120,"column":111}},"61":{"start":{"line":121,"column":20},"end":{"line":121,"column":89}},"62":{"start":{"line":125,"column":28},"end":{"line":125,"column":38}},"63":{"start":{"line":126,"column":29},"end":{"line":126,"column":46}},"64":{"start":{"line":127,"column":30},"end":{"line":127,"column":73}},"65":{"start":{"line":128,"column":31},"end":{"line":128,"column":55}},"66":{"start":{"line":130,"column":38},"end":{"line":133,"column":17}},"67":{"start":{"line":135,"column":33},"end":{"line":135,"column":34}},"68":{"start":{"line":136,"column":16},"end":{"line":142,"column":17}},"69":{"start":{"line":137,"column":36},"end":{"line":140,"column":22}},"70":{"start":{"line":138,"column":38},"end":{"line":138,"column":58}},"71":{"start":{"line":139,"column":24},"end":{"line":139,"column":55}},"72":{"start":{"line":141,"column":20},"end":{"line":141,"column":58}},"73":{"start":{"line":144,"column":29},"end":{"line":144,"column":78}},"74":{"start":{"line":146,"column":16},"end":{"line":160,"column":19}},"75":{"start":{"line":162,"column":32},"end":{"line":162,"column":102}},"76":{"start":{"line":163,"column":16},"end":{"line":163,"column":85}},"77":{"start":{"line":166,"column":12},"end":{"line":166,"column":49}},"78":{"start":{"line":167,"column":12},"end":{"line":167,"column":78}},"79":{"start":{"line":172,"column":4},"end":{"line":183,"column":7}},"80":{"start":{"line":173,"column":23},"end":{"line":173,"column":33}},"81":{"start":{"line":174,"column":8},"end":{"line":182,"column":9}},"82":{"start":{"line":175,"column":27},"end":{"line":175,"column":91}},"83":{"start":{"line":176,"column":12},"end":{"line":178,"column":13}},"84":{"start":{"line":177,"column":16},"end":{"line":177,"column":77}},"85":{"start":{"line":179,"column":12},"end":{"line":179,"column":35}},"86":{"start":{"line":181,"column":12},"end":{"line":181,"column":78}},"87":{"start":{"line":185,"column":4},"end":{"line":185,"column":18}},"88":{"start":{"line":188,"column":0},"end":{"line":188,"column":45}}},"fnMap":{"0":{"name":"createCostCalculationRoutes","decl":{"start":{"line":6,"column":9},"end":{"line":6,"column":36}},"loc":{"start":{"line":6,"column":41},"end":{"line":186,"column":1}},"line":6},"1":{"name":"(anonymous_1)","decl":{"start":{"line":10,"column":20},"end":{"line":10,"column":21}},"loc":{"start":{"line":10,"column":40},"end":{"line":19,"column":5}},"line":10},"2":{"name":"(anonymous_2)","decl":{"start":{"line":22,"column":23},"end":{"line":22,"column":24}},"loc":{"start":{"line":22,"column":43},"end":{"line":38,"column":5}},"line":22},"3":{"name":"(anonymous_3)","decl":{"start":{"line":41,"column":21},"end":{"line":41,"column":22}},"loc":{"start":{"line":41,"column":41},"end":{"line":169,"column":5}},"line":41},"4":{"name":"(anonymous_4)","decl":{"start":{"line":137,"column":54},"end":{"line":137,"column":55}},"loc":{"start":{"line":137,"column":62},"end":{"line":140,"column":21}},"line":137},"5":{"name":"(anonymous_5)","decl":{"start":{"line":172,"column":26},"end":{"line":172,"column":27}},"loc":{"start":{"line":172,"column":46},"end":{"line":183,"column":5}},"line":172}},"branchMap":{"0":{"loc":{"start":{"line":26,"column":12},"end":{"line":34,"column":13}},"type":"if","locations":[{"start":{"line":26,"column":12},"end":{"line":34,"column":13}},{"start":{"line":32,"column":19},"end":{"line":34,"column":13}}],"line":26},"1":{"loc":{"start":{"line":27,"column":22},"end":{"line":27,"column":92}},"type":"if","locations":[{"start":{"line":27,"column":22},"end":{"line":27,"column":92}},{"start":{},"end":{}}],"line":27},"2":{"loc":{"start":{"line":28,"column":22},"end":{"line":28,"column":86}},"type":"if","locations":[{"start":{"line":28,"column":22},"end":{"line":28,"column":86}},{"start":{},"end":{}}],"line":28},"3":{"loc":{"start":{"line":29,"column":22},"end":{"line":29,"column":92}},"type":"if","locations":[{"start":{"line":29,"column":22},"end":{"line":29,"column":92}},{"start":{},"end":{}}],"line":29},"4":{"loc":{"start":{"line":30,"column":22},"end":{"line":30,"column":92}},"type":"if","locations":[{"start":{"line":30,"column":22},"end":{"line":30,"column":92}},{"start":{},"end":{}}],"line":30},"5":{"loc":{"start":{"line":45,"column":8},"end":{"line":47,"column":9}},"type":"if","locations":[{"start":{"line":45,"column":8},"end":{"line":47,"column":9}},{"start":{},"end":{}}],"line":45},"6":{"loc":{"start":{"line":50,"column":8},"end":{"line":52,"column":9}},"type":"if","locations":[{"start":{"line":50,"column":8},"end":{"line":52,"column":9}},{"start":{},"end":{}}],"line":50},"7":{"loc":{"start":{"line":55,"column":8},"end":{"line":57,"column":9}},"type":"if","locations":[{"start":{"line":55,"column":8},"end":{"line":57,"column":9}},{"start":{},"end":{}}],"line":55},"8":{"loc":{"start":{"line":55,"column":12},"end":{"line":55,"column":69}},"type":"binary-expr","locations":[{"start":{"line":55,"column":12},"end":{"line":55,"column":31}},{"start":{"line":55,"column":35},"end":{"line":55,"column":69}}],"line":55},"9":{"loc":{"start":{"line":58,"column":8},"end":{"line":60,"column":9}},"type":"if","locations":[{"start":{"line":58,"column":8},"end":{"line":60,"column":9}},{"start":{},"end":{}}],"line":58},"10":{"loc":{"start":{"line":58,"column":12},"end":{"line":58,"column":65}},"type":"binary-expr","locations":[{"start":{"line":58,"column":12},"end":{"line":58,"column":29}},{"start":{"line":58,"column":33},"end":{"line":58,"column":65}}],"line":58},"11":{"loc":{"start":{"line":64,"column":12},"end":{"line":69,"column":13}},"type":"if","locations":[{"start":{"line":64,"column":12},"end":{"line":69,"column":13}},{"start":{},"end":{}}],"line":64},"12":{"loc":{"start":{"line":64,"column":16},"end":{"line":64,"column":87}},"type":"binary-expr","locations":[{"start":{"line":64,"column":16},"end":{"line":64,"column":41}},{"start":{"line":64,"column":45},"end":{"line":64,"column":65}},{"start":{"line":64,"column":69},"end":{"line":64,"column":87}}],"line":64},"13":{"loc":{"start":{"line":66,"column":16},"end":{"line":68,"column":17}},"type":"if","locations":[{"start":{"line":66,"column":16},"end":{"line":68,"column":17}},{"start":{},"end":{}}],"line":66},"14":{"loc":{"start":{"line":66,"column":20},"end":{"line":66,"column":53}},"type":"binary-expr","locations":[{"start":{"line":66,"column":20},"end":{"line":66,"column":42}},{"start":{"line":66,"column":46},"end":{"line":66,"column":53}}],"line":66},"15":{"loc":{"start":{"line":73,"column":27},"end":{"line":73,"column":85}},"type":"cond-expr","locations":[{"start":{"line":73,"column":46},"end":{"line":73,"column":78}},{"start":{"line":73,"column":81},"end":{"line":73,"column":85}}],"line":73},"16":{"loc":{"start":{"line":74,"column":25},"end":{"line":74,"column":79}},"type":"cond-expr","locations":[{"start":{"line":74,"column":42},"end":{"line":74,"column":72}},{"start":{"line":74,"column":75},"end":{"line":74,"column":79}}],"line":74},"17":{"loc":{"start":{"line":75,"column":26},"end":{"line":75,"column":84}},"type":"cond-expr","locations":[{"start":{"line":75,"column":45},"end":{"line":75,"column":77}},{"start":{"line":75,"column":80},"end":{"line":75,"column":84}}],"line":75},"18":{"loc":{"start":{"line":76,"column":26},"end":{"line":76,"column":84}},"type":"cond-expr","locations":[{"start":{"line":76,"column":45},"end":{"line":76,"column":77}},{"start":{"line":76,"column":80},"end":{"line":76,"column":84}}],"line":76},"19":{"loc":{"start":{"line":79,"column":12},"end":{"line":164,"column":13}},"type":"if","locations":[{"start":{"line":79,"column":12},"end":{"line":164,"column":13}},{"start":{"line":123,"column":19},"end":{"line":164,"column":13}}],"line":79},"20":{"loc":{"start":{"line":82,"column":16},"end":{"line":122,"column":17}},"type":"if","locations":[{"start":{"line":82,"column":16},"end":{"line":122,"column":17}},{"start":{"line":103,"column":23},"end":{"line":122,"column":17}}],"line":82},"21":{"loc":{"start":{"line":94,"column":90},"end":{"line":94,"column":102}},"type":"binary-expr","locations":[{"start":{"line":94,"column":90},"end":{"line":94,"column":97}},{"start":{"line":94,"column":101},"end":{"line":94,"column":102}}],"line":94},"22":{"loc":{"start":{"line":114,"column":90},"end":{"line":114,"column":102}},"type":"binary-expr","locations":[{"start":{"line":114,"column":90},"end":{"line":114,"column":97}},{"start":{"line":114,"column":101},"end":{"line":114,"column":102}}],"line":114},"23":{"loc":{"start":{"line":136,"column":16},"end":{"line":142,"column":17}},"type":"if","locations":[{"start":{"line":136,"column":16},"end":{"line":142,"column":17}},{"start":{},"end":{}}],"line":136},"24":{"loc":{"start":{"line":139,"column":31},"end":{"line":139,"column":54}},"type":"binary-expr","locations":[{"start":{"line":139,"column":31},"end":{"line":139,"column":49}},{"start":{"line":139,"column":53},"end":{"line":139,"column":54}}],"line":139},"25":{"loc":{"start":{"line":156,"column":86},"end":{"line":156,"column":98}},"type":"binary-expr","locations":[{"start":{"line":156,"column":86},"end":{"line":156,"column":93}},{"start":{"line":156,"column":97},"end":{"line":156,"column":98}}],"line":156},"26":{"loc":{"start":{"line":176,"column":12},"end":{"line":178,"column":13}},"type":"if","locations":[{"start":{"line":176,"column":12},"end":{"line":178,"column":13}},{"start":{},"end":{}}],"line":176}},"s":{"0":2,"1":2,"2":2,"3":2,"4":2,"5":4,"6":4,"7":3,"8":1,"9":2,"10":5,"11":5,"12":5,"13":4,"14":2,"15":2,"16":1,"17":0,"18":2,"19":2,"20":1,"21":0,"22":2,"23":2,"24":1,"25":0,"26":2,"27":2,"28":1,"29":0,"30":2,"31":2,"32":1,"33":2,"34":23,"35":23,"36":1,"37":22,"38":1,"39":21,"40":1,"41":20,"42":1,"43":19,"44":54,"45":42,"46":42,"47":2,"48":17,"49":17,"50":17,"51":17,"52":17,"53":17,"54":7,"55":7,"56":2,"57":2,"58":2,"59":5,"60":5,"61":5,"62":10,"63":10,"64":10,"65":10,"66":10,"67":9,"68":9,"69":2,"70":2,"71":2,"72":2,"73":9,"74":9,"75":9,"76":9,"77":1,"78":1,"79":2,"80":3,"81":3,"82":3,"83":2,"84":1,"85":1,"86":1,"87":2,"88":2},"f":{"0":2,"1":4,"2":5,"3":23,"4":2,"5":3},"b":{"0":[2,2],"1":[1,1],"2":[1,1],"3":[1,1],"4":[1,1],"5":[1,22],"6":[1,21],"7":[1,20],"8":[21,17],"9":[1,19],"10":[20,16],"11":[42,12],"12":[54,42,42],"13":[2,40],"14":[42,41],"15":[1,16],"16":[1,16],"17":[1,16],"18":[1,16],"19":[7,10],"20":[2,5],"21":[2,1],"22":[5,1],"23":[2,7],"24":[2,0],"25":[9,1],"26":[1,1]},"_coverageSchema":"1a1c01bbd47fc00a2c39e90264f33305004495a9","hash":"88b97045f0dd3624f4a82faba5d8a430057ec017"}
,"C:\\Users\\kgj12\\Root\\main\\backend\\routes\\flight-schedules.js": {"path":"C:\\Users\\kgj12\\Root\\main\\backend\\routes\\flight-schedules.js","statementMap":{"0":{"start":{"line":2,"column":16},"end":{"line":2,"column":34}},"1":{"start":{"line":3,"column":15},"end":{"line":3,"column":31}},"2":{"start":{"line":4,"column":23},"end":{"line":4,"column":38}},"3":{"start":{"line":5,"column":15},"end":{"line":5,"column":35}},"4":{"start":{"line":7,"column":10},"end":{"line":7,"column":14}},"5":{"start":{"line":10,"column":4},"end":{"line":10,"column":50}},"6":{"start":{"line":10,"column":14},"end":{"line":10,"column":50}},"7":{"start":{"line":11,"column":4},"end":{"line":11,"column":15}},"8":{"start":{"line":17,"column":19},"end":{"line":17,"column":40}},"9":{"start":{"line":18,"column":19},"end":{"line":18,"column":34}},"10":{"start":{"line":19,"column":28},"end":{"line":19,"column":51}},"11":{"start":{"line":30,"column":4},"end":{"line":37,"column":5}},"12":{"start":{"line":31,"column":8},"end":{"line":33,"column":9}},"13":{"start":{"line":32,"column":12},"end":{"line":32,"column":98}},"14":{"start":{"line":34,"column":8},"end":{"line":36,"column":9}},"15":{"start":{"line":35,"column":12},"end":{"line":35,"column":102}},"16":{"start":{"line":40,"column":4},"end":{"line":44,"column":5}},"17":{"start":{"line":41,"column":8},"end":{"line":43,"column":9}},"18":{"start":{"line":42,"column":12},"end":{"line":42,"column":119}},"19":{"start":{"line":45,"column":4},"end":{"line":49,"column":5}},"20":{"start":{"line":46,"column":8},"end":{"line":48,"column":9}},"21":{"start":{"line":47,"column":12},"end":{"line":47,"column":117}},"22":{"start":{"line":52,"column":4},"end":{"line":57,"column":5}},"23":{"start":{"line":54,"column":8},"end":{"line":56,"column":9}},"24":{"start":{"line":55,"column":12},"end":{"line":55,"column":115}},"25":{"start":{"line":60,"column":4},"end":{"line":64,"column":5}},"26":{"start":{"line":61,"column":8},"end":{"line":63,"column":9}},"27":{"start":{"line":62,"column":12},"end":{"line":62,"column":114}},"28":{"start":{"line":65,"column":4},"end":{"line":69,"column":5}},"29":{"start":{"line":66,"column":8},"end":{"line":68,"column":9}},"30":{"start":{"line":67,"column":12},"end":{"line":67,"column":112}},"31":{"start":{"line":72,"column":4},"end":{"line":76,"column":5}},"32":{"start":{"line":73,"column":8},"end":{"line":75,"column":9}},"33":{"start":{"line":74,"column":12},"end":{"line":74,"column":123}},"34":{"start":{"line":78,"column":4},"end":{"line":78,"column":27}},"35":{"start":{"line":236,"column":0},"end":{"line":273,"column":3}},"36":{"start":{"line":237,"column":4},"end":{"line":272,"column":5}},"37":{"start":{"line":238,"column":19},"end":{"line":238,"column":26}},"38":{"start":{"line":239,"column":91},"end":{"line":239,"column":100}},"39":{"start":{"line":241,"column":26},"end":{"line":241,"column":38}},"40":{"start":{"line":242,"column":29},"end":{"line":242,"column":31}},"41":{"start":{"line":244,"column":8},"end":{"line":247,"column":9}},"42":{"start":{"line":245,"column":12},"end":{"line":245,"column":47}},"43":{"start":{"line":246,"column":12},"end":{"line":246,"column":40}},"44":{"start":{"line":248,"column":8},"end":{"line":251,"column":9}},"45":{"start":{"line":249,"column":12},"end":{"line":249,"column":54}},"46":{"start":{"line":250,"column":12},"end":{"line":250,"column":51}},"47":{"start":{"line":252,"column":8},"end":{"line":255,"column":9}},"48":{"start":{"line":253,"column":12},"end":{"line":253,"column":54}},"49":{"start":{"line":254,"column":12},"end":{"line":254,"column":49}},"50":{"start":{"line":257,"column":22},"end":{"line":257,"column":112}},"51":{"start":{"line":259,"column":22},"end":{"line":259,"column":136}},"52":{"start":{"line":260,"column":23},"end":{"line":260,"column":97}},"53":{"start":{"line":261,"column":26},"end":{"line":261,"column":53}},"54":{"start":{"line":263,"column":8},"end":{"line":268,"column":11}},"55":{"start":{"line":270,"column":8},"end":{"line":270,"column":48}},"56":{"start":{"line":271,"column":8},"end":{"line":271,"column":59}},"57":{"start":{"line":303,"column":0},"end":{"line":318,"column":3}},"58":{"start":{"line":304,"column":4},"end":{"line":317,"column":5}},"59":{"start":{"line":305,"column":19},"end":{"line":305,"column":26}},"60":{"start":{"line":306,"column":22},"end":{"line":306,"column":60}},"61":{"start":{"line":308,"column":23},"end":{"line":311,"column":9}},"62":{"start":{"line":313,"column":8},"end":{"line":313,"column":42}},"63":{"start":{"line":315,"column":8},"end":{"line":315,"column":49}},"64":{"start":{"line":316,"column":8},"end":{"line":316,"column":60}},"65":{"start":{"line":356,"column":0},"end":{"line":370,"column":3}},"66":{"start":{"line":357,"column":4},"end":{"line":369,"column":5}},"67":{"start":{"line":358,"column":19},"end":{"line":358,"column":26}},"68":{"start":{"line":359,"column":25},"end":{"line":359,"column":101}},"69":{"start":{"line":361,"column":8},"end":{"line":363,"column":9}},"70":{"start":{"line":362,"column":12},"end":{"line":362,"column":73}},"71":{"start":{"line":365,"column":8},"end":{"line":365,"column":27}},"72":{"start":{"line":367,"column":8},"end":{"line":367,"column":48}},"73":{"start":{"line":368,"column":8},"end":{"line":368,"column":59}},"74":{"start":{"line":474,"column":0},"end":{"line":534,"column":3}},"75":{"start":{"line":475,"column":4},"end":{"line":533,"column":5}},"76":{"start":{"line":476,"column":19},"end":{"line":476,"column":26}},"77":{"start":{"line":489,"column":12},"end":{"line":489,"column":20}},"78":{"start":{"line":492,"column":27},"end":{"line":492,"column":92}},"79":{"start":{"line":493,"column":8},"end":{"line":495,"column":9}},"80":{"start":{"line":494,"column":12},"end":{"line":494,"column":98}},"81":{"start":{"line":497,"column":8},"end":{"line":500,"column":9}},"82":{"start":{"line":499,"column":12},"end":{"line":499,"column":70}},"83":{"start":{"line":502,"column":25},"end":{"line":515,"column":9}},"84":{"start":{"line":517,"column":8},"end":{"line":527,"column":11}},"85":{"start":{"line":529,"column":8},"end":{"line":529,"column":39}},"86":{"start":{"line":531,"column":8},"end":{"line":531,"column":45}},"87":{"start":{"line":532,"column":8},"end":{"line":532,"column":56}},"88":{"start":{"line":630,"column":0},"end":{"line":674,"column":3}},"89":{"start":{"line":631,"column":4},"end":{"line":673,"column":5}},"90":{"start":{"line":632,"column":19},"end":{"line":632,"column":26}},"91":{"start":{"line":633,"column":25},"end":{"line":633,"column":101}},"92":{"start":{"line":635,"column":8},"end":{"line":637,"column":9}},"93":{"start":{"line":636,"column":12},"end":{"line":636,"column":73}},"94":{"start":{"line":639,"column":24},"end":{"line":639,"column":39}},"95":{"start":{"line":640,"column":8},"end":{"line":640,"column":26}},"96":{"start":{"line":641,"column":8},"end":{"line":641,"column":34}},"97":{"start":{"line":645,"column":36},"end":{"line":645,"colu
[...]
55,"column":80}},"33":{"start":{"line":57,"column":8},"end":{"line":66,"column":9}},"34":{"start":{"line":58,"column":25},"end":{"line":58,"column":86}},"35":{"start":{"line":59,"column":12},"end":{"line":63,"column":13}},"36":{"start":{"line":60,"column":16},"end":{"line":60,"column":31}},"37":{"start":{"line":62,"column":16},"end":{"line":62,"column":87}},"38":{"start":{"line":65,"column":12},"end":{"line":65,"column":90}},"39":{"start":{"line":70,"column":4},"end":{"line":89,"column":7}},"40":{"start":{"line":71,"column":30},"end":{"line":71,"column":40}},"41":{"start":{"line":72,"column":8},"end":{"line":74,"column":9}},"42":{"start":{"line":73,"column":12},"end":{"line":73,"column":80}},"43":{"start":{"line":75,"column":21},"end":{"line":75,"column":29}},"44":{"start":{"line":76,"column":8},"end":{"line":76,"column":38}},"45":{"start":{"line":77,"column":8},"end":{"line":77,"column":51}},"46":{"start":{"line":79,"column":24},"end":{"line":79,"column":68}},"47":{"start":{"line":80,"column":29},"end":{"line":80,"column":62}},"48":{"start":{"line":80,"column":47},"end":{"line":80,"column":50}},"49":{"start":{"line":81,"column":23},"end":{"line":81,"column":52}},"50":{"start":{"line":81,"column":42},"end":{"line":81,"column":51}},"51":{"start":{"line":83,"column":8},"end":{"line":88,"column":9}},"52":{"start":{"line":84,"column":12},"end":{"line":84,"column":110}},"53":{"start":{"line":85,"column":12},"end":{"line":85,"column":39}},"54":{"start":{"line":87,"column":12},"end":{"line":87,"column":90}},"55":{"start":{"line":92,"column":4},"end":{"line":118,"column":7}},"56":{"start":{"line":93,"column":34},"end":{"line":93,"column":44}},"57":{"start":{"line":94,"column":8},"end":{"line":96,"column":9}},"58":{"start":{"line":95,"column":12},"end":{"line":95,"column":80}},"59":{"start":{"line":97,"column":21},"end":{"line":97,"column":29}},"60":{"start":{"line":99,"column":8},"end":{"line":99,"column":23}},"61":{"start":{"line":100,"column":8},"end":{"line":100,"column":31}},"62":{"start":{"line":102,"column":28},"end":{"line":102,"column":72}},"63":{"start":{"line":103,"column":8},"end":{"line":105,"column":9}},"64":{"start":{"line":104,"column":12},"end":{"line":104,"column":74}},"65":{"start":{"line":106,"column":24},"end":{"line":106,"column":71}},"66":{"start":{"line":106,"column":47},"end":{"line":106,"column":59}},"67":{"start":{"line":107,"column":23},"end":{"line":107,"column":65}},"68":{"start":{"line":107,"column":50},"end":{"line":107,"column":59}},"69":{"start":{"line":109,"column":8},"end":{"line":117,"column":9}},"70":{"start":{"line":110,"column":27},"end":{"line":110,"column":98}},"71":{"start":{"line":111,"column":12},"end":{"line":113,"column":13}},"72":{"start":{"line":112,"column":16},"end":{"line":112,"column":94}},"73":{"start":{"line":114,"column":12},"end":{"line":114,"column":79}},"74":{"start":{"line":116,"column":12},"end":{"line":116,"column":92}},"75":{"start":{"line":121,"column":4},"end":{"line":144,"column":7}},"76":{"start":{"line":122,"column":34},"end":{"line":122,"column":44}},"77":{"start":{"line":123,"column":8},"end":{"line":125,"column":9}},"78":{"start":{"line":124,"column":12},"end":{"line":124,"column":80}},"79":{"start":{"line":126,"column":21},"end":{"line":126,"column":29}},"80":{"start":{"line":128,"column":28},"end":{"line":128,"column":72}},"81":{"start":{"line":129,"column":8},"end":{"line":131,"column":9}},"82":{"start":{"line":130,"column":12},"end":{"line":130,"column":74}},"83":{"start":{"line":132,"column":24},"end":{"line":132,"column":71}},"84":{"start":{"line":132,"column":47},"end":{"line":132,"column":59}},"85":{"start":{"line":133,"column":23},"end":{"line":133,"column":65}},"86":{"start":{"line":133,"column":50},"end":{"line":133,"column":59}},"87":{"start":{"line":135,"column":8},"end":{"line":143,"column":9}},"88":{"start":{"line":136,"column":27},"end":{"line":136,"column":98}},"89":{"start":{"line":137,"column":12},"end":{"line":139,"column":13}},"90":{"start":{"line":138,"column":16},"end":{"line":138,"column":94}},"91":{"start":{"line":140,"column":12},"end":{"line":140,"column":77}},"92":{"start":{"line":142,"column":12},"end":{"line":142,"column":90}},"93":{"start":{"line":147,"column":4},"end":{"line":161,"column":7}},"94":{"start":{"line":148,"column":34},"end":{"line":148,"column":44}},"95":{"start":{"line":149,"column":8},"end":{"line":151,"column":9}},"96":{"start":{"line":150,"column":12},"end":{"line":150,"column":80}},"97":{"start":{"line":152,"column":8},"end":{"line":160,"column":9}},"98":{"start":{"line":153,"column":27},"end":{"line":153,"column":86}},"99":{"start":{"line":154,"column":12},"end":{"line":156,"column":13}},"100":{"start":{"line":155,"column":16},"end":{"line":155,"column":94}},"101":{"start":{"line":157,"column":12},"end":{"line":157,"column":35}},"102":{"start":{"line":159,"column":12},"end":{"line":159,"column":90}},"103":{"start":{"line":163,"column":4},"end":{"line":163,"column":18}},"104":{"start":{"line":166,"column":0},"end":{"line":166,"column":35}}},"fnMap":{"0":{"name":"validateTableName","decl":{"start":{"line":9,"column":9},"end":{"line":9,"column":26}},"loc":{"start":{"line":9,"column":38},"end":{"line":11,"column":1}},"line":9},"1":{"name":"validateColumnName","decl":{"start":{"line":13,"column":9},"end":{"line":13,"column":27}},"loc":{"start":{"line":13,"column":33},"end":{"line":15,"column":1}},"line":13},"2":{"name":"createTableRoutes","decl":{"start":{"line":17,"column":9},"end":{"line":17,"column":26}},"loc":{"start":{"line":17,"column":31},"end":{"line":164,"column":1}},"line":17},"3":{"name":"(anonymous_3)","decl":{"start":{"line":21,"column":30},"end":{"line":21,"column":31}},"loc":{"start":{"line":21,"column":50},"end":{"line":49,"column":5}},"line":21},"4":{"name":"(anonymous_4)","decl":{"start":{"line":52,"column":34},"end":{"line":52,"column":35}},"loc":{"start":{"line":52,"column":54},"end":{"line":67,"column":5}},"line":52},"5":{"name":"(anonymous_5)","decl":{"start":{"line":70,"column":31},"end":{"line":70,"column":32}},"loc":{"start":{"line":70,"column":51},"end":{"line":89,"column":5}},"line":70},"6":{"name":"(anonymous_6)","decl":{"start":{"line":80,"column":41},"end":{"line":80,"column":42}},"loc":{"start":{"line":80,"column":47},"end":{"line":80,"column":50}},"line":80},"7":{"name":"(anonymous_7)","decl":{"start":{"line":81,"column":35},"end":{"line":81,"column":36}},"loc":{"start":{"line":81,"column":42},"end":{"line":81,"column":51}},"line":81},"8":{"name":"(anonymous_8)","decl":{"start":{"line":92,"column":34},"end":{"line":92,"column":35}},"loc":{"start":{"line":92,"column":54},"end":{"line":118,"column":5}},"line":92},"9":{"name":"(anonymous_9)","decl":{"start":{"line":106,"column":40},"end":{"line":106,"column":41}},"loc":{"start":{"line":106,"column":47},"end":{"line":106,"column":59}},"line":106},"10":{"name":"(anonymous_10)","decl":{"start":{"line":107,"column":43},"end":{"line":107,"column":44}},"loc":{"start":{"line":107,"column":50},"end":{"line":107,"column":59}},"line":107},"11":{"name":"(anonymous_11)","decl":{"start":{"line":121,"column":36},"end":{"line":121,"column":37}},"loc":{"start":{"line":121,"column":56},"end":{"line":144,"column":5}},"line":121},"12":{"name":"(anonymous_12)","decl":{"start":{"line":132,"column":40},"end":{"line":132,"column":41}},"loc":{"start":{"line":132,"column":47},"end":{"line":132,"column":59}},"line":132},"13":{"name":"(anonymous_13)","decl":{"start":{"line":133,"column":43},"end":{"line":133,"column":44}},"loc":{"start":{"line":133,"column":50},"end":{"line":133,"column":59}},"line":133},"14":{"name":"(anonymous_14)","decl":{"start":{"line":147,"column":37},"end":{"line":147,"column":38}},"loc":{"start":{"line":147,"column":57},"end":{"line":161,"column":5}},"line":147}},"branchMap":{"0":{"loc":{"start":{"line":23,"column":8},"end":{"line":25,"column":9}},"type":"if","locations":[{"start":{"line":23,"column":8},"end":{"line":25,"column":9}},{"start":{},"end":{}}],"line":23},"1":{"loc":{"start":{"line":26,"column":16},"end":{"line":26,"column":27}},"type":"default-arg","locations":[{"start":{"line":26,"column":24},"end":{"line":26,"column":27}}],"line":26},"2":{"loc":{"start":{"line":26,"column":29},"end":{"line":26,"column":48}},"type":"default-arg","locations":[{"start":{"line":26,"column":36},"end":{"line":26,"column":48}}],"line":26},"3":{"loc":{"start":{"line":26,"column":50},"end":{"line":26,"column":64}},"type":"default-arg","locations":[{"start":{"line":26,"column":58},"end":{"line":26,"column":64}}],"line":26},"4":{"loc":{"start":{"line":27,"column":25},"end":{"line":27,"column":82}},"type":"cond-expr","locations":[{"start":{"line":27,"column":63},"end":{"line":27,"column":67}},{"start":{"line":27,"column":70},"end":{"line":27,"column":82}}],"line":27},"5":{"loc":{"start":{"line":28,"column":26},"end":{"line":28,"column":87}},"type":"cond-expr","locations":[{"start":{"line":28,"column":73},"end":{"line":28,"column":78}},{"start":{"line":28,"column":81},"end":{"line":28,"column":87}}],"line":28},"6":{"loc":{"start":{"line":29,"column":47},"end":{"line":29,"column":73}},"type":"binary-expr","locations":[{"start":{"line":29,"column":47},"end":{"line":29,"column":66}},{"start":{"line":29,"column":70},"end":{"line":29,"column":73}}],"line":29},"7":{"loc":{"start":{"line":34,"column":12},"end":{"line":41,"column":13}},"type":"if","locations":[{"start":{"line":34,"column":12},"end":{"line":41,"column":13}},{"start":{},"end":{}}],"line":34},"8":{"loc":{"start":{"line":37,"column":16},"end":{"line":40,"column":17}},"type":"if","locations":[{"start":{"line":37,"column":16},"end":{"line":40,"column":17}},{"start":{},"end":{}}],"line":37},"9":{"loc":{"start":{"line":37,"column":20},"end":{"line":37,"column":59}},"type":"binary-expr","locations":[{"start":{"line":37,"column":20},"end":{"line":37,"column":23}},{"start":{"line":37,"column":27},"end":{"line":37,"column":32}},{"start":{"line":37,"column":36},"end":{"line":37,"column":59}}],"line":37},"10":{"loc":{"start":{"line":54,"column":8},"end":{"line":56,"column":9}},"type":"if","locations":[{"start":{"line":54,"column":8},"end":{"line":56,"column":9}},{"start":{},"end":{}}],"line":54},"11":{"loc":{"start":{"line":59,"column":12},"end":{"line":63,"column":13}},"type":"if","locations":[{"start":{"line":59,"column":12},"end":{"line":63,"column":13}},{"start":{"line":61,"column":19},"end":{"line":63,"column":13}}],"line":59},"12":{"loc":{"start":{"line":72,"column":8},"end":{"line":74,"column":9}},"type":"if","locations":[{"start":{"line":72,"column":8},"end":{"line":74,"column":9}},{"start":{},"end":{}}],"line":72},"13":{"loc":{"start":{"line":94,"column":8},"end":{"line":96,"column":9}},"type":"if","locations":[{"start":{"line":94,"column":8},"end":{"line":96,"column":9}},{"start":{},"end":{}}],"line":94},"14":{"loc":{"start":{"line":103,"column":8},"end":{"line":105,"column":9}},"type":"if","locations":[{"start":{"line":103,"column":8},"end":{"line":105,"column":9}},{"start":{},"end":{}}],"line":103},"15":{"loc":{"start":{"line":111,"column":12},"end":{"line":113,"column":13}},"type":"if","locations":[{"start":{"line":111,"column":12},"end":{"line":113,"column":13}},{"start":{},"end":{}}],"line":111},"16":{"loc":{"start":{"line":123,"column":8},"end":{"line":125,"column":9}},"type":"if","locations":[{"start":{"line":123,"column":8},"end":{"line":125,"column":9}},{"start":{},"end":{}}],"line":123},"17":{"loc":{"start":{"line":129,"column":8},"end":{"line":131,"column":9}},"type":"if","locations":[{"start":{"line":129,"column":8},"end":{"line":131,"column":9}},{"start":{},"end":{}}],"line":129},"18":{"loc":{"start":{"line":137,"column":12},"end":{"line":139,"column":13}},"type":"if","locations":[{"start":{"line":137,"column":12},"end":{"line":139,"column":13}},{"start":{},"end":{}}],"line":137},"19":{"loc":{"start":{"line":149,"column":8},"end":{"line":151,"column":9}},"type":"if","locations":[{"start":{"line":149,"column":8},"end":{"line":151,"column":9}},{"start":{},"end":{}}],"line":149},"20":{"loc":{"start":{"line":154,"column":12},"end":{"line":156,"column":13}},"type":"if","locations":[{"start":{"line":154,"column":12},"end":{"line":156,"column":13}},{"start":{},"end":{}}],"line":154}},"s":{"0":2,"1":2,"2":2,"3":2,"4":2,"5":0,"6":0,"7":2,"8":2,"9":0,"10":0,"11":0,"12":0,"13":0,"14":0,"15":0,"16":0,"17":0,"18":0,"19":0,"20":0,"21":0,"22":0,"23":0,"24":0,"25":0,"26":0,"27":0,"28":0,"29":2,"30":0,"31":0,"32":0,"33":0,"34":0,"35":0,"36":0,"37":0,"38":0,"39":2,"40":0,"41":0,"42":0,"43":0,"44":0,"45":0,"46":0,"47":0,"48":0,"49":0,"50":0,"51":0,"52":0,"53":0,"54":0,"55":2,"56":0,"57":0,"58":0,"59":0,"60":0,"61":0,"62":0,"63":0,"64":0,"65":0,"66":0,"67":0,"68":0,"69":0,"70":0,"71":0,"72":0,"73":0,"74":0,"75":2,"76":0,"77":0,"78":0,"79":0,"80":0,"81":0,"82":0,"83":0,"84":0,"85":0,"86":0,"87":0,"88":0,"89":0,"90":0,"91":0,"92":0,"93":2,"94":0,"95":0,"96":0,"97":0,"98":0,"99":0,"100":0,"101":0,"102":0,"103":2,"104":2},"f":{"0":0,"1":0,"2":2,"3":0,"4":0,"5":0,"6":0,"7":0,"8":0,"9":0,"10":0,"11":0,"12":0,"13":0,"14":0},"b":{"0":[0,0],"1":[0],"2":[0],"3":[0],"4":[0,0],"5":[0,0],"6":[0,0],"7":[0,0],"8":[0,0],"9":[0,0,0],"10":[0,0],"11":[0,0],"12":[0,0],"13":[0,0],"14":[0,0],"15":[0,0],"16":[0,0],"17":[0,0],"18":[0,0],"19":[0,0],"20":[0,0]},"_coverageSchema":"1a1c01bbd47fc00a2c39e90264f33305004495a9","hash":"291a376eac805593bd05c08b132d1eed9e57e04d"}
,"C:\\Users\\kgj12\\Root\\main\\backend\\services\\notify.js": {"path":"C:\\Users\\kgj12\\Root\\main\\backend\\services\\notify.js","statementMap":{"0":{"start":{"line":1,"column":19},"end":{"line":1,"column":40}},"1":{"start":{"line":2,"column":15},"end":{"line":2,"column":35}},"2":{"start":{"line":5,"column":23},"end":{"line":5,"column":27}},"3":{"start":{"line":8,"column":17},"end":{"line":8,"column":41}},"4":{"start":{"line":9,"column":17},"end":{"line":9,"column":46}},"5":{"start":{"line":11,"column":4},"end":{"line":14,"column":5}},"6":{"start":{"line":12,"column":8},"end":{"line":12,"column":73}},"7":{"start":{"line":13,"column":8},"end":{"line":13,"column":15}},"8":{"start":{"line":16,"column":4},"end":{"line":19,"column":7}},"9":{"start":{"line":22,"column":4},"end":{"line":29,"column":7}},"10":{"start":{"line":23,"column":8},"end":{"line":28,"column":9}},"11":{"start":{"line":24,"column":12},"end":{"line":24,"column":57}},"12":{"start":{"line":25,"column":12},"end":{"line":25,"column":36}},"13":{"start":{"line":27,"column":12},"end":{"line":27,"column":52}},"14":{"start":{"line":34,"column":16},"end":{"line":34,"column":78}},"15":{"start":{"line":35,"column":15},"end":{"line":35,"column":86}},"16":{"start":{"line":36,"column":15},"end":{"line":36,"column":53}},"17":{"start":{"line":38,"column":20},"end":{"line":38,"column":50}},"18":{"start":{"line":39,"column":17},"end":{"line":54,"column":5}},"19":{"start":{"line":57,"column":4},"end":{"line":69,"column":5}},"20":{"start":{"line":58,"column":8},"end":{"line":68,"column":9}},"21":{"start":{"line":59,"column":12},"end":{"line":64,"column":15}},"22":{"start":{"line":65,"column":12},"end":{"line":65,"column":57}},"23":{"start":{"line":67,"column":12},"end":{"line":67,"column":57}},"24":{"start":{"line":72,"column":4},"end":{"line":72,"column":47}},"25":{"start":{"line":77,"column":24},"end":{"line":77,"column":54}},"26":{"start":{"line":78,"column":4},"end":{"line":78,"column":29}},"27":{"start":{"line":78,"column":22},"end":{"line":78,"column":29}},"28":{"start":{"line":80,"column":4},"end":{"line":106,"column":5}},"29":{"start":{"line":81,"column":21},"end":{"line":81,"column":95}},"30":{"start":{"line":83,"column":20},"end":{"line":96,"column":10}},"31":{"start":{"line":98,"column":8},"end":{"line":103,"column":9}},"32":{"start":{"line":99,"column":12},"end":{"line":99,"column":58}},"33":{"start":{"line":101,"column":25},"end":{"line":101,"column":41}},"34":{"start":{"line":102,"column":12},"end":{"line":102,"column":51}},"35":{"start":{"line":105,"column":8},"end":{"line":105,"column":54}},"36":{"start":{"line":109,"column":0},"end":{"line":109,"column":54}}},"fnMap":{"0":{"name":"initEmail","decl":{"start":{"line":7,"column":9},"end":{"line":7,"column":18}},"loc":{"start":{"line":7,"column":21},"end":{"line":30,"column":1}},"line":7},"1":{"name":"(anonymous_1)","decl":{"start":{"line":22,"column":28},"end":{"line":22,"column":29}},"loc":{"start":{"line":22,"column":37},"end":{"line":29,"column":5}},"line":22},"2":{"name":"sendLoginNotification","decl":{"start":{"line":33,"column":15},"end":{"line":33,"column":36}},"loc":{"start":{"line":33,"column":48},"end":{"line":73,"column":1}},"line":33},"3":{"name":"sendKakaoNotification","decl":{"start":{"line":76,"column":15},"end":{"line":76,"column":36}},"loc":{"start":{"line":76,"column":53},"end":{"line":107,"column":1}},"line":76}},"branchMap":{"0":{"loc":{"start":{"line":11,"column":4},"end":{"line":14,"column":5}},"type":"if","locations":[{"start":{"line":11,"column":4},"end":{"line":14,"column":5}},{"start":{},"end":{}}],"line":11},"1":{"loc":{"start":{"line":11,"column":8},"end":{"line":11,"column":22}},"type":"binary-expr","locations":[{"start":{"line":11,"column":8},"end":{"line":11,"column":13}},{"start":{"line":11,"column":17},"end":{"line":11,"column":22}}],"line":11},"2":{"loc":{"start":{"line":23,"column":8},"end":{"line":28,"column":9}},"type":"if","locations":[{"start":{"line":23,"column":8},"end":{"line":28,"column":9}},{"start":{"line":26,"column":15},"end":{"line":28,"column":9}}],"line":23},"3":{"loc":{"start":{"line":35,"column":15},"end":{"line":35,"column":86}},"type":"binary-expr","locations":[{"start":{"line":35,"column":15},"end":{"line":35,"column":45}},{"start":{"line":35,"column":49},"end":{"line":35,"column":73}},{"start":{"line":35,"column":77},"end":{"line":35,"column":86}}],"line":35},"4":{"loc":{"start":{"line":36,"column":15},"end":{"line":36,"column":53}},"type":"binary-expr","locations":[{"start":{"line":36,"column":15},"end":{"line":36,"column":40}},{"start":{"line":36,"column":44},"end":{"line":36,"column":53}}],"line":36},"5":{"loc":{"start":{"line":57,"column":4},"end":{"line":69,"column":5}},"type":"if","locations":[{"start":{"line":57,"column":4},"end":{"line":69,"column":5}},{"start":{},"end":{}}],"line":57},"6":{"loc":{"start":{"line":61,"column":20},"end":{"line":61,"column":75}},"type":"binary-expr","locations":[{"start":{"line":61,"column":20},"end":{"line":61,"column":47}},{"start":{"line":61,"column":51},"end":{"line":61,"column":75}}],"line":61},"7":{"loc":{"start":{"line":78,"column":4},"end":{"line":78,"column":29}},"type":"if","locations":[{"start":{"line":78,"column":4},"end":{"line":78,"column":29}},{"start":{},"end":{}}],"line":78},"8":{"loc":{"start":{"line":93,"column":37},"end":{"line":93,"column":83}},"type":"binary-expr","locations":[{"start":{"line":93,"column":37},"end":{"line":93,"column":56}},{"start":{"line":93,"column":60},"end":{"line":93,"column":83}}],"line":93},"9":{"loc":{"start":{"line":93,"column":101},"end":{"line":93,"column":147}},"type":"binary-expr","locations":[{"start":{"line":93,"column":101},"end":{"line":93,"column":120}},{"start":{"line":93,"column":124},"end":{"line":93,"column":147}}],"line":93},"10":{"loc":{"start":{"line":98,"column":8},"end":{"line":103,"column":9}},"type":"if","locations":[{"start":{"line":98,"column":8},"end":{"line":103,"column":9}},{"start":{"line":100,"column":15},"end":{"line":103,"column":9}}],"line":98}},"s":{"0":1,"1":1,"2":1,"3":15,"4":15,"5":15,"6":1,"7":1,"8":14,"9":14,"10":13,"11":8,"12":8,"13":5,"14":11,"15":11,"16":11,"17":11,"18":11,"19":11,"20":4,"21":4,"22":3,"23":1,"24":11,"25":11,"26":11,"27":7,"28":4,"29":4,"30":4,"31":3,"32":2,"33":1,"34":1,"35":1,"36":1},"f":{"0":15,"1":13,"2":11,"3":11},"b":{"0":[1,14],"1":[15,14],"2":[8,5],"3":[11,10,1],"4":[11,1],"5":[4,7],"6":[4,3],"7":[7,4],"8":[4,3],"9":[4,3],"10":[2,1]},"_coverageSchema":"1a1c01bbd47fc00a2c39e90264f33305004495a9","hash":"ecd9baf2cf906c0fefb47ccff612862893bfcffa"}
}
