TN:
SF:logger.js
FN:24,(anonymous_0)
FNF:1
FNH:1
FNDA:12,(anonymous_0)
DA:8,2
DA:9,2
DA:10,2
DA:13,2
DA:14,2
DA:15,0
DA:18,2
DA:21,2
DA:25,12
DA:26,12
DA:27,10
DA:29,2
DA:34,2
DA:40,2
DA:67,2
LF:15
LH:14
BRDA:14,0,0,0
BRDA:14,0,1,2
BRDA:25,1,0,0
BRDA:25,1,1,12
BRDA:26,2,0,10
BRDA:26,2,1,2
BRDA:41,3,0,0
BRDA:41,3,1,2
BRDA:42,4,0,0
BRDA:42,4,1,2
BRDA:46,5,0,0
BRDA:46,5,1,2
BRF:12
BRH:7
end_of_record
TN:
SF:__tests__\setup\test-app.js
FN:9,createTestApp
FNF:1
FNH:1
FNDA:2,createTestApp
DA:1,2
DA:2,2
DA:10,2
DA:13,2
DA:16,2
DA:24,2
DA:25,2
DA:26,2
DA:29,2
DA:30,2
DA:33,2
DA:34,2
DA:35,2
DA:36,2
DA:37,2
DA:38,2
DA:39,2
DA:40,2
DA:41,2
DA:43,2
DA:44,2
DA:45,2
DA:46,2
DA:47,2
DA:48,2
DA:49,2
DA:50,2
DA:51,2
DA:53,2
DA:56,2
LF:30
LH:30
BRF:0
BRH:0
end_of_record
TN:
SF:__tests__\setup\test-db.js
FN:8,createTestDb
FN:253,cleanupTestDb
FNF:2
FNH:2
FNDA:2,createTestDb
FNDA:59,cleanupTestDb
DA:1,2
DA:2,2
DA:9,2
DA:14,2
DA:17,2
DA:247,2
DA:255,59
DA:256,59
DA:257,59
DA:258,59
DA:259,59
DA:260,59
DA:261,59
DA:262,59
DA:263,59
DA:264,59
DA:265,59
DA:266,59
DA:267,59
DA:268,59
DA:269,59
DA:272,2
LF:22
LH:22
BRF:0
BRH:0
end_of_record
TN:
SF:__tests__\setup\test-helpers.js
FN:9,seedAdminUser
FN:30,seedUser
FN:57,loginAsAdmin
FN:70,loginAsUser
FN:82,sampleFlightSchedule
FN:98,sampleBankAccount
FN:107,sampleInvoiceSimple
FN:121,sampleInvoiceAdvanced
FN:141,sampleCostCalculation
FN:157,sampleSchedule
FN:171,sampleMember
FNF:11
FNH:4
FNDA:59,seedAdminUser
FNDA:0,seedUser
FNDA:59,loginAsAdmin
FNDA:0,loginAsUser
FNDA:0,sampleFlightSchedule
FNDA:0,sampleBankAccount
FNDA:0,sampleInvoiceSimple
FNDA:0,sampleInvoiceAdvanced
FNDA:19,sampleCostCalculation
FNDA:0,sampleSchedule
FNDA:21,sampleMember
DA:1,2
DA:2,2
DA:3,2
DA:5,2
DA:10,59
DA:11,59
DA:12,59
DA:14,59
DA:27,59
DA:31,0
DA:32,0
DA:33,0
DA:35,0
DA:48,0
DA:58,59
DA:59,59
DA:60,59
DA:64,59
DA:71,0
DA:72,0
DA:73,0
DA:77,0
DA:83,0
DA:99,0
DA:108,0
DA:122,0
DA:142,19
DA:158,0
DA:172,21
DA:184,2
LF:30
LH:16
BRDA:9,0,0,59
BRDA:10,1,0,59
BRDA:10,1,1,59
BRDA:11,2,0,59
BRDA:11,2,1,59
BRDA:18,3,0,59
BRDA:18,3,1,59
BRDA:20,4,0,59
BRDA:20,4,1,59
BRDA:23,5,0,0
BRDA:23,5,1,59
BRDA:27,6,0,59
BRDA:27,6,1,59
BRDA:27,7,0,59
BRDA:27,7,1,59
BRDA:30,8,0,0
BRDA:31,9,0,0
BRDA:31,9,1,0
BRDA:32,10,0,0
BRDA:32,10,1,0
BRDA:39,11,0,0
BRDA:39,11,1,0
BRDA:41,12,0,0
BRDA:41,12,1,0
BRDA:44,13,0,0
BRDA:44,13,1,0
BRDA:48,14,0,0
BRDA:48,14,1,0
BRDA:48,15,0,0
BRDA:48,15,1,0
BRDA:82,16,0,0
BRDA:98,17,0,0
BRDA:107,18,0,0
BRDA:121,19,0,0
BRDA:141,20,0,5
BRDA:157,21,0,0
BRDA:171,22,0,12
BRF:37
BRH:16
end_of_record
TN:
SF:__tests__\setup\uuid-mock.js
FN:5,(anonymous_0)
FNF:1
FNH:0
FNDA:0,(anonymous_0)
DA:2,2
DA:4,2
DA:5,0
LF:3
LH:2
BRF:0
BRH:0
end_of_record
TN:
SF:middleware\auth.js
FN:2,requireAuth
FN:11,(anonymous_1)
FN:19,(anonymous_2)
FNF:3
FNH:3
FNDA:73,requireAuth
FNDA:219,(anonymous_1)
FNDA:657,(anonymous_2)
DA:4,73
DA:11,219
DA:12,73
DA:13,0
DA:18,73
DA:19,657
DA:22,73
DA:23,71
DA:28,2
DA:29,2
DA:34,0
DA:35,0
DA:40,0
DA:43,2
LF:14
LH:10
BRDA:12,0,0,0
BRDA:12,0,1,73
BRDA:22,1,0,71
BRDA:22,1,1,2
BRDA:22,2,0,73
BRDA:22,2,1,73
BRDA:28,3,0,2
BRDA:28,3,1,0
BRDA:28,4,0,2
BRDA:28,4,1,0
BRDA:34,5,0,0
BRDA:34,5,1,0
BRDA:34,6,0,0
BRDA:34,6,1,0
BRF:14
BRH:7
end_of_record
TN:
SF:routes\auth.js
FN:10,setDb
FN:87,(anonymous_1)
FN:124,(anonymous_2)
FN:167,(anonymous_3)
FN:168,(anonymous_4)
FN:206,(anonymous_5)
FN:218,(anonymous_6)
FN:232,requireAdmin
FN:287,(anonymous_8)
FN:383,(anonymous_9)
FN:487,(anonymous_10)
FN:565,(anonymous_11)
FN:640,(anonymous_12)
FNF:13
FNH:2
FNDA:2,setDb
FNDA:59,(anonymous_1)
FNDA:0,(anonymous_2)
FNDA:0,(anonymous_3)
FNDA:0,(anonymous_4)
FNDA:0,(anonymous_5)
FNDA:0,(anonymous_6)
FNDA:0,requireAdmin
FNDA:0,(anonymous_8)
FNDA:0,(anonymous_9)
FNDA:0,(anonymous_10)
FNDA:0,(anonymous_11)
FNDA:0,(anonymous_12)
DA:1,2
DA:2,2
DA:3,2
DA:4,2
DA:5,2
DA:6,2
DA:9,2
DA:11,2
DA:87,2
DA:88,59
DA:90,59
DA:91,0
DA:94,59
DA:95,59
DA:100,59
DA:101,0
DA:104,59
DA:105,0
DA:108,59
DA:109,59
DA:110,0
DA:114,59
DA:120,59
DA:121,59
DA:124,59
DA:125,0
DA:128,59
DA:136,0
DA:137,0
DA:167,2
DA:168,0
DA:169,0
DA:170,0
DA:171,0
DA:173,0
DA:174,0
DA:206,2
DA:207,0
DA:208,0
DA:211,0
DA:212,0
DA:217,0
DA:218,0
DA:219,0
DA:222,0
DA:224,0
DA:225,0
DA:233,0
DA:234,0
DA:235,0
DA:237,0
DA:238,0
DA:239,0
DA:241,0
DA:243,0
DA:244,0
DA:287,2
DA:288,0
DA:289,0
DA:292,0
DA:294,0
DA:295,0
DA:383,2
DA:384,0
DA:386,0
DA:387,0
DA:390,0
DA:391,0
DA:394,0
DA:395,0
DA:396,0
DA:397,0
DA:400,0
DA:401,0
DA:402,0
DA:404,0
DA:409,0
DA:411,0
DA:412,0
DA:487,2
DA:488,0
DA:490,0
DA:491,0
DA:494,0
DA:495,0
DA:496,0
DA:497,0
DA:500,0
DA:501,0
DA:503,0
DA:505,0
DA:506,0
DA:565,2
DA:566,0
DA:567,0
DA:568,0
DA:569,0
DA:572,0
DA:573,0
DA:575,0
DA:577,0
DA:578,0
DA:640,2
DA:641,0
DA:643,0
DA:644,0
DA:647,0
DA:648,0
DA:649,0
DA:652,0
DA:654,0
DA:655,0
DA:659,2
LF:113
LH:30
BRDA:90,0,0,0
BRDA:90,0,1,59
BRDA:90,1,0,59
BRDA:90,1,1,59
BRDA:100,2,0,0
BRDA:100,2,1,59
BRDA:104,3,0,0
BRDA:104,3,1,59
BRDA:109,4,0,0
BRDA:109,4,1,59
BRDA:169,5,0,0
BRDA:169,5,1,0
BRDA:207,6,0,0
BRDA:207,6,1,0
BRDA:207,7,0,0
BRDA:207,7,1,0
BRDA:217,8,0,0
BRDA:217,8,1,0
BRDA:234,9,0,0
BRDA:234,9,1,0
BRDA:234,10,0,0
BRDA:234,10,1,0
BRDA:238,11,0,0
BRDA:238,11,1,0
BRDA:238,12,0,0
BRDA:238,12,1,0
BRDA:386,13,0,0
BRDA:386,13,1,0
BRDA:386,14,0,0
BRDA:386,14,1,0
BRDA:386,14,2,0
BRDA:390,15,0,0
BRDA:390,15,1,0
BRDA:396,16,0,0
BRDA:396,16,1,0
BRDA:402,17,0,0
BRDA:402,17,1,0
BRDA:490,18,0,0
BRDA:490,18,1,0
BRDA:490,19,0,0
BRDA:490,19,1,0
BRDA:496,20,0,0
BRDA:496,20,1,0
BRDA:568,21,0,0
BRDA:568,21,1,0
BRDA:572,22,0,0
BRDA:572,22,1,0
BRDA:575,23,0,0
BRDA:575,23,1,0
BRDA:643,24,0,0
BRDA:643,24,1,0
BRDA:648,25,0,0
BRDA:648,25,1,0
BRF:53
BRH:6
end_of_record
TN:
SF:routes\backup.js
FN:6,buildBackupData
FN:23,createBackupRoutes
FN:27,(anonymous_2)
FN:37,(anonymous_3)
FN:51,(anonymous_4)
FN:69,(anonymous_5)
FN:70,(anonymous_6)
FN:76,(anonymous_7)
FNF:8
FNH:1
FNDA:0,buildBackupData
FNDA:2,createBackupRoutes
FNDA:0,(anonymous_2)
FNDA:0,(anonymous_3)
FNDA:0,(anonymous_4)
FNDA:0,(anonymous_5)
FNDA:0,(anonymous_6)
FNDA:0,(anonymous_7)
DA:1,2
DA:2,2
DA:3,2
DA:7,0
DA:15,0
DA:24,2
DA:27,2
DA:28,0
DA:29,0
DA:30,0
DA:32,0
DA:37,2
DA:38,0
DA:39,0
DA:40,0
DA:42,0
DA:43,0
DA:44,0
DA:46,0
DA:51,2
DA:52,0
DA:53,0
DA:54,0
DA:57,0
DA:59,0
DA:60,0
DA:63,0
DA:66,0
DA:67,0
DA:69,0
DA:71,0
DA:72,0
DA:73,0
DA:76,0
DA:78,0
DA:79,0
DA:80,0
DA:84,0
DA:91,0
DA:95,2
DA:98,2
LF:41
LH:9
BRDA:78,0,0,0
BRDA:78,0,1,0
BRF:2
BRH:0
end_of_record
TN:
SF:routes\bank-accounts.js
FN:50,getDb
FN:82,(anonymous_1)
FN:121,(anonymous_2)
FN:192,(anonymous_3)
FN:295,(anonymous_4)
FN:316,(anonymous_5)
FN:328,(anonymous_6)
FN:329,(anonymous_7)
FN:378,(anonymous_8)
FN:433,(anonymous_9)
FN:449,(anonymous_10)
FNF:11
FNH:1
FNDA:0,getDb
FNDA:0,(anonymous_1)
FNDA:0,(anonymous_2)
FNDA:0,(anonymous_3)
FNDA:0,(anonymous_4)
FNDA:0,(anonymous_5)
FNDA:0,(anonymous_6)
FNDA:0,(anonymous_7)
FNDA:0,(anonymous_8)
FNDA:0,(anonymous_9)
FNDA:2,(anonymous_10)
DA:2,2
DA:3,2
DA:4,2
DA:5,2
DA:48,2
DA:51,0
DA:52,0
DA:82,2
DA:83,0
DA:84,0
DA:85,0
DA:86,0
DA:88,0
DA:89,0
DA:121,2
DA:122,0
DA:123,0
DA:124,0
DA:126,0
DA:127,0
DA:130,0
DA:132,0
DA:133,0
DA:192,2
DA:193,0
DA:194,0
DA:195,0
DA:197,0
DA:198,0
DA:201,0
DA:202,0
DA:206,0
DA:207,0
DA:210,0
DA:218,0
DA:223,0
DA:225,0
DA:226,0
DA:295,2
DA:296,0
DA:297,0
DA:298,0
DA:300,0
DA:301,0
DA:304,0
DA:305,0
DA:306,0
DA:309,0
DA:310,0
DA:311,0
DA:315,0
DA:316,0
DA:317,0
DA:318,0
DA:321,0
DA:322,0
DA:323,0
DA:324,0
DA:328,0
DA:329,0
DA:330,0
DA:332,0
DA:334,0
DA:335,0
DA:337,0
DA:338,0
DA:378,2
DA:379,0
DA:380,0
DA:381,0
DA:383,0
DA:384,0
DA:388,0
DA:391,0
DA:393,0
DA:394,0
DA:396,0
DA:397,0
DA:433,2
DA:434,0
DA:435,0
DA:436,0
DA:438,0
DA:439,0
DA:442,0
DA:444,0
DA:445,0
DA:449,2
DA:450,2
DA:451,2
LF:90
LH:14
BRDA:51,0,0,0
BRDA:51,0,1,0
BRDA:126,1,0,0
BRDA:126,1,1,0
BRDA:197,2,0,0
BRDA:197,2,1,0
BRDA:197,3,0,0
BRDA:197,3,1,0
BRDA:197,3,2,0
BRDA:201,4,0,0
BRDA:201,4,1,0
BRDA:201,5,0,0
BRDA:201,5,1,0
BRDA:201,5,2,0
BRDA:206,6,0,0
BRDA:206,6,1,0
BRDA:215,7,0,0
BRDA:215,7,1,0
BRDA:300,8,0,0
BRDA:300,8,1,0
BRDA:309,9,0,0
BRDA:309,9,1,0
BRDA:317,10,0,0
BRDA:317,10,1,0
BRDA:323,11,0,0
BRDA:323,11,1,0
BRDA:323,12,0,0
BRDA:323,12,1,0
BRDA:383,13,0,0
BRDA:383,13,1,0
BRDA:438,14,0,0
BRDA:438,14,1,0
BRF:32
BRH:0
end_of_record
TN:
SF:routes\cost-calculations.js
FN:6,createCostCalculationRoutes
FN:10,(anonymous_1)
FN:22,(anonymous_2)
FN:41,(anonymous_3)
FN:137,(anonymous_4)
FN:172,(anonymous_5)
FNF:6
FNH:6
FNDA:2,createCostCalculationRoutes
FNDA:4,(anonymous_1)
FNDA:5,(anonymous_2)
FNDA:23,(anonymous_3)
FNDA:2,(anonymous_4)
FNDA:3,(anonymous_5)
DA:1,2
DA:2,2
DA:4,2
DA:7,2
DA:10,2
DA:11,4
DA:12,4
DA:15,3
DA:17,1
DA:22,2
DA:23,5
DA:24,5
DA:25,5
DA:26,4
DA:27,2
DA:28,2
DA:29,2
DA:30,2
DA:31,2
DA:33,2
DA:36,1
DA:41,2
DA:42,23
DA:45,23
DA:46,1
DA:50,22
DA:51,1
DA:55,21
DA:56,1
DA:58,20
DA:59,1
DA:63,19
DA:64,54
DA:65,42
DA:66,42
DA:67,2
DA:73,17
DA:74,17
DA:75,17
DA:76,17
DA:78,17
DA:79,17
DA:80,7
DA:82,7
DA:83,2
DA:101,2
DA:102,2
DA:104,5
DA:120,5
DA:121,5
DA:125,10
DA:126,10
DA:127,10
DA:128,10
DA:130,10
DA:135,9
DA:136,9
DA:137,2
DA:138,2
DA:139,2
DA:141,2
DA:144,9
DA:146,9
DA:162,9
DA:163,9
DA:166,1
DA:167,1
DA:172,2
DA:173,3
DA:174,3
DA:175,3
DA:176,2
DA:177,1
DA:179,1
DA:181,1
DA:185,2
DA:188,2
LF:77
LH:77
BRDA:26,0,0,2
BRDA:26,0,1,2
BRDA:27,1,0,1
BRDA:27,1,1,1
BRDA:28,2,0,1
BRDA:28,2,1,1
BRDA:29,3,0,1
BRDA:29,3,1,1
BRDA:30,4,0,1
BRDA:30,4,1,1
BRDA:45,5,0,1
BRDA:45,5,1,22
BRDA:50,6,0,1
BRDA:50,6,1,21
BRDA:55,7,0,1
BRDA:55,7,1,20
BRDA:55,8,0,21
BRDA:55,8,1,17
BRDA:58,9,0,1
BRDA:58,9,1,19
BRDA:58,10,0,20
BRDA:58,10,1,16
BRDA:64,11,0,42
BRDA:64,11,1,12
BRDA:64,12,0,54
BRDA:64,12,1,42
BRDA:64,12,2,42
BRDA:66,13,0,2
BRDA:66,13,1,40
BRDA:66,14,0,42
BRDA:66,14,1,41
BRDA:73,15,0,1
BRDA:73,15,1,16
BRDA:74,16,0,1
BRDA:74,16,1,16
BRDA:75,17,0,1
BRDA:75,17,1,16
BRDA:76,18,0,1
BRDA:76,18,1,16
BRDA:79,19,0,7
BRDA:79,19,1,10
BRDA:82,20,0,2
BRDA:82,20,1,5
BRDA:94,21,0,2
BRDA:94,21,1,1
BRDA:114,22,0,5
BRDA:114,22,1,1
BRDA:136,23,0,2
BRDA:136,23,1,7
BRDA:139,24,0,2
BRDA:139,24,1,0
BRDA:156,25,0,9
BRDA:156,25,1,1
BRDA:176,26,0,1
BRDA:176,26,1,1
BRF:55
BRH:54
end_of_record
TN:
SF:routes\flight-schedules.js
FN:9,getDb
FN:28,validateFlightScheduleInput
FN:236,(anonymous_2)
FN:303,(anonymous_3)
FN:356,(anonymous_4)
FN:474,(anonymous_5)
FN:630,(anonymous_6)
FN:657,(anonymous_7)
FN:662,(anonymous_8)
FN:663,(anonymous_9)
FN:740,(anonymous_10)
FN:759,(anonymous_11)
FN:852,(anonymous_12)
FN:868,(anonymous_13)
FNF:14
FNH:1
FNDA:0,getDb
FNDA:0,validateFlightScheduleInput
FNDA:0,(anonymous_2)
FNDA:0,(anonymous_3)
FNDA:0,(anonymous_4)
FNDA:0,(anonymous_5)
FNDA:0,(anonymous_6)
FNDA:0,(anonymous_7)
FNDA:0,(anonymous_8)
FNDA:0,(anonymous_9)
FNDA:0,(anonymous_10)
FNDA:0,(anonymous_11)
FNDA:0,(anonymous_12)
FNDA:2,(anonymous_13)
DA:2,2
DA:3,2
DA:4,2
DA:5,2
DA:7,2
DA:10,0
DA:11,0
DA:17,2
DA:18,2
DA:19,2
DA:30,0
DA:31,0
DA:32,0
DA:34,0
DA:35,0
DA:40,0
DA:41,0
DA:42,0
DA:45,0
DA:46,0
DA:47,0
DA:52,0
DA:54,0
DA:55,0
DA:60,0
DA:61,0
DA:62,0
DA:65,0
DA:66,0
DA:67,0
DA:72,0
DA:73,0
DA:74,0
DA:78,0
DA:236,2
DA:237,0
DA:238,0
DA:239,0
DA:241,0
DA:242,0
DA:244,0
DA:245,0
DA:246,0
DA:248,0
DA:249,0
DA:250,0
DA:252,0
DA:253,0
DA:254,0
DA:257,0
DA:259,0
DA:260,0
DA:261,0
DA:263,0
DA:270,0
DA:271,0
DA:303,2
DA:304,0
DA:305,0
DA:306,0
DA:308,0
DA:313,0
DA:315,0
DA:316,0
DA:356,2
DA:357,0
DA:358,0
DA:359,0
DA:361,0
DA:362,0
DA:365,0
DA:367,0
DA:368,0
DA:474,2
DA:475,0
DA:476,0
DA:489,0
DA:492,0
DA:493,0
DA:494,0
DA:497,0
DA:499,0
DA:502,0
DA:517,0
DA:529,0
DA:531,0
DA:532,0
DA:630,2
DA:631,0
DA:632,0
DA:633,0
DA:635,0
DA:636,0
DA:639,0
DA:640,0
DA:641,0
DA:645,0
DA:646,0
DA:647,0
DA:648,0
DA:652,0
DA:657,0
DA:658,0
DA:659,0
DA:662,0
DA:663,0
DA:664,0
DA:666,0
DA:668,0
DA:669,0
DA:671,0
DA:672,0
DA:740,2
DA:741,0
DA:742,0
DA:743,0
DA:746,0
DA:751,0
DA:752,0
DA:759,0
DA:762,0
DA:763,0
DA:764,0
DA:766,0
DA:768,0
DA:769,0
DA:773,0
DA:777,0
DA:778,0
DA:782,0
DA:786,0
DA:787,0
DA:791,0
DA:796,0
DA:801,0
DA:804,0
DA:815,0
DA:816,0
DA:852,2
DA:853,0
DA:854,0
DA:855,0
DA:857,0
DA:858,0
DA:861,0
DA:863,0
DA:864,0
DA:868,2
DA:869,2
DA:870,2
LF:150
LH:18
BRDA:10,0,0,0
BRDA:10,0,1,0
BRDA:28,1,0,0
BRDA:28,2,0,0
BRDA:30,3,0,0
BRDA:30,3,1,0
BRDA:31,4,0,0
BRDA:31,4,1,0
BRDA:31,5,0,0
BRDA:31,5,1,0
BRDA:34,6,0,0
BRDA:34,6,1,0
BRDA:34,7,0,0
BRDA:34,7,1,0
BRDA:40,8,0,0
BRDA:40,8,1,0
BRDA:40,9,0,0
BRDA:40,9,1,0
BRDA:40,9,2,0
BRDA:41,10,0,0
BRDA:41,10,1,0
BRDA:41,11,0,0
BRDA:41,11,1,0
BRDA:45,12,0,0
BRDA:45,12,1,0
BRDA:45,13,0,0
BRDA:45,13,1,0
BRDA:45,13,2,0
BRDA:46,14,0,0
BRDA:46,14,1,0
BRDA:46,15,0,0
BRDA:46,15,1,0
BRDA:52,16,0,0
BRDA:52,16,1,0
BRDA:52,17,0,0
BRDA:52,17,1,0
BRDA:52,17,2,0
BRDA:52,17,3,0
BRDA:54,18,0,0
BRDA:54,18,1,0
BRDA:60,19,0,0
BRDA:60,19,1,0
BRDA:60,20,0,0
BRDA:60,20,1,0
BRDA:60,20,2,0
BRDA:61,21,0,0
BRDA:61,21,1,0
BRDA:65,22,0,0
BRDA:65,22,1,0
BRDA:65,23,0,0
BRDA:65,23,1,0
BRDA:65,23,2,0
BRDA:66,24,0,0
BRDA:66,24,1,0
BRDA:72,25,0,0
BRDA:72,25,1,0
BRDA:72,26,0,0
BRDA:72,26,1,0
BRDA:72,26,2,0
BRDA:73,27,0,0
BRDA:73,27,1,0
BRDA:239,28,0,0
BRDA:239,29,0,0
BRDA:244,30,0,0
BRDA:244,30,1,0
BRDA:248,31,0,0
BRDA:248,31,1,0
BRDA:252,32,0,0
BRDA:252,32,1,0
BRDA:361,33,0,0
BRDA:361,33,1,0
BRDA:493,34,0,0
BRDA:493,34,1,0
BRDA:497,35,0,0
BRDA:497,35,1,0
BRDA:497,36,0,0
BRDA:497,36,1,0
BRDA:497,36,2,0
BRDA:497,36,3,0
BRDA:497,36,4,0
BRDA:497,36,5,0
BRDA:497,36,6,0
BRDA:504,37,0,0
BRDA:504,37,1,0
BRDA:505,38,0,0
BRDA:505,38,1,0
BRDA:507,39,0,0
BRDA:507,39,1,0
BRDA:514,40,0,0
BRDA:514,40,1,0
BRDA:635,41,0,0
BRDA:635,41,1,0
BRDA:647,42,0,0
BRDA:647,42,1,0
BRDA:658,43,0,0
BRDA:658,43,1,0
BRDA:751,44,0,0
BRDA:751,44,1,0
BRDA:773,45,0,0
BRDA:773,45,1,0
BRDA:782,46,0,0
BRDA:782,46,1,0
BRDA:791,47,0,0
BRDA:791,47,1,0
BRDA:857,48,0,0
BRDA:857,48,1,0
BRF:106
BRH:0
end_of_record
TN:
SF:routes\invoices.js
FN:140,getDb
FN:169,validateInvoiceInput
FN:211,calculateInvoiceTotals
FN:224,generateInvoiceNumber
FN:301,(anonymous_4)
FN:387,(anonymous_5)
FN:541,(anonymous_6)
FN:796,(anonymous_7)
FN:860,(anonymous_8)
FN:865,(anonymous_9)
FN:866,(anonymous_10)
FN:922,(anonymous_11)
FN:938,(anonymous_12)
FNF:13
FNH:1
FNDA:0,getDb
FNDA:0,validateInvoiceInput
FNDA:0,calculateInvoiceTotals
FNDA:0,generateInvoiceNumber
FNDA:0,(anonymous_4)
FNDA:0,(anonymous_5)
FNDA:0,(anonymous_6)
FNDA:0,(anonymous_7)
FNDA:0,(anonymous_8)
FNDA:0,(anonymous_9)
FNDA:0,(anonymous_10)
FNDA:0,(anonymous_11)
FNDA:2,(anonymous_12)
DA:2,2
DA:3,2
DA:4,2
DA:5,2
DA:138,2
DA:141,0
DA:142,0
DA:147,2
DA:155,2
DA:170,0
DA:173,0
DA:174,0
DA:176,0
DA:177,0
DA:181,0
DA:182,0
DA:183,0
DA:184,0
DA:185,0
DA:191,0
DA:192,0
DA:193,0
DA:194,0
DA:195,0
DA:201,0
DA:202,0
DA:203,0
DA:207,0
DA:212,0
DA:213,0
DA:214,0
DA:216,0
DA:225,0
DA:226,0
DA:227,0
DA:228,0
DA:229,0
DA:230,0
DA:301,2
DA:302,0
DA:303,0
DA:304,0
DA:306,0
DA:307,0
DA:309,0
DA:310,0
DA:311,0
DA:313,0
DA:314,0
DA:315,0
DA:317,0
DA:318,0
DA:319,0
DA:322,0
DA:324,0
DA:325,0
DA:326,0
DA:328,0
DA:335,0
DA:336,0
DA:387,2
DA:388,0
DA:389,0
DA:390,0
DA:392,0
DA:393,0
DA:397,0
DA:398,0
DA:399,0
DA:401,0
DA:402,0
DA:407,0
DA:408,0
DA:409,0
DA:413,0
DA:414,0
DA:415,0
DA:418,0
DA:420,0
DA:421,0
DA:541,2
DA:542,0
DA:543,0
DA:564,0
DA:567,0
DA:571,0
DA:572,0
DA:575,0
DA:589,0
DA:591,0
DA:592,0
DA:593,0
DA:594,0
DA:595,0
DA:596,0
DA:597,0
DA:598,0
DA:601,0
DA:602,0
DA:603,0
DA:604,0
DA:605,0
DA:606,0
DA:609,0
DA:616,0
DA:617,0
DA:618,0
DA:619,0
DA:620,0
DA:621,0
DA:622,0
DA:625,0
DA:626,0
DA:627,0
DA:628,0
DA:629,0
DA:630,0
DA:631,0
DA:634,0
DA:654,0
DA:656,0
DA:657,0
DA:796,2
DA:797,0
DA:799,0
DA:800,0
DA:804,0
DA:805,0
DA:806,0
DA:809,0
DA:810,0
DA:812,0
DA:813,0
DA:817,0
DA:820,0
DA:823,0
DA:825,0
DA:826,0
DA:830,0
DA:831,0
DA:835,0
DA:837,0
DA:843,0
DA:844,0
DA:845,0
DA:849,0
DA:852,0
DA:860,0
DA:861,0
DA:862,0
DA:865,0
DA:866,0
DA:867,0
DA:869,0
DA:871,0
DA:874,0
DA:875,0
DA:876,0
DA:878,0
DA:879,0
DA:883,0
DA:885,0
DA:886,0
DA:922,2
DA:923,0
DA:924,0
DA:925,0
DA:927,0
DA:928,0
DA:931,0
DA:933,0
DA:934,0
DA:938,2
DA:939,2
DA:940,2
LF:175
LH:15
BRDA:141,0,0,0
BRDA:141,0,1,0
BRDA:169,1,0,0
BRDA:170,2,0,0
BRDA:170,3,0,0
BRDA:173,4,0,0
BRDA:173,4,1,0
BRDA:173,5,0,0
BRDA:173,5,1,0
BRDA:173,5,2,0
BRDA:176,6,0,0
BRDA:176,6,1,0
BRDA:176,7,0,0
BRDA:176,7,1,0
BRDA:176,7,2,0
BRDA:182,8,0,0
BRDA:182,8,1,0
BRDA:182,9,0,0
BRDA:182,9,1,0
BRDA:184,10,0,0
BRDA:184,10,1,0
BRDA:192,11,0,0
BRDA:192,11,1,0
BRDA:192,12,0,0
BRDA:192,12,1,0
BRDA:192,12,2,0
BRDA:194,13,0,0
BRDA:194,13,1,0
BRDA:201,14,0,0
BRDA:201,14,1,0
BRDA:201,15,0,0
BRDA:201,15,1,0
BRDA:202,16,0,0
BRDA:202,16,1,0
BRDA:212,17,0,0
BRDA:212,17,1,0
BRDA:212,18,0,0
BRDA:212,18,1,0
BRDA:213,19,0,0
BRDA:213,19,1,0
BRDA:213,20,0,0
BRDA:213,20,1,0
BRDA:304,21,0,0
BRDA:304,22,0,0
BRDA:309,23,0,0
BRDA:309,23,1,0
BRDA:313,24,0,0
BRDA:313,24,1,0
BRDA:317,25,0,0
BRDA:317,25,1,0
BRDA:392,26,0,0
BRDA:392,26,1,0
BRDA:397,27,0,0
BRDA:397,27,1,0
BRDA:397,28,0,0
BRDA:397,28,1,0
BRDA:407,29,0,0
BRDA:407,29,1,0
BRDA:413,30,0,0
BRDA:413,30,1,0
BRDA:571,31,0,0
BRDA:571,31,1,0
BRDA:580,32,0,0
BRDA:580,32,1,0
BRDA:581,33,0,0
BRDA:581,33,1,0
BRDA:582,34,0,0
BRDA:582,34,1,0
BRDA:583,35,0,0
BRDA:583,35,1,0
BRDA:589,36,0,0
BRDA:589,36,1,0
BRDA:591,37,0,0
BRDA:591,37,1,0
BRDA:592,38,0,0
BRDA:592,38,1,0
BRDA:593,39,0,0
BRDA:593,39,1,0
BRDA:594,40,0,0
BRDA:594,40,1,0
BRDA:595,41,0,0
BRDA:595,41,1,0
BRDA:596,42,0,0
BRDA:596,42,1,0
BRDA:597,43,0,0
BRDA:597,43,1,0
BRDA:598,44,0,0
BRDA:598,44,1,0
BRDA:610,45,0,0
BRDA:610,45,1,0
BRDA:611,46,0,0
BRDA:611,46,1,0
BRDA:612,47,0,0
BRDA:612,47,1,0
BRDA:613,48,0,0
BRDA:613,48,1,0
BRDA:616,49,0,0
BRDA:616,49,1,0
BRDA:617,50,0,0
BRDA:617,50,1,0
BRDA:619,51,0,0
BRDA:619,51,1,0
BRDA:620,52,0,0
BRDA:620,52,1,0
BRDA:799,53,0,0
BRDA:799,53,1,0
BRDA:799,54,0,0
BRDA:799,54,1,0
BRDA:805,55,0,0
BRDA:805,55,1,0
BRDA:812,56,0,0
BRDA:812,56,1,0
BRDA:820,57,0,0
BRDA:820,57,1,0
BRDA:823,58,0,0
BRDA:823,58,1,0
BRDA:825,59,0,0
BRDA:825,59,1,0
BRDA:825,60,0,0
BRDA:825,60,1,0
BRDA:830,61,0,0
BRDA:830,61,1,0
BRDA:835,62,0,0
BRDA:835,62,1,0
BRDA:835,63,0,0
BRDA:835,63,1,0
BRDA:835,63,2,0
BRDA:835,63,3,0
BRDA:838,64,0,0
BRDA:838,64,1,0
BRDA:839,65,0,0
BRDA:839,65,1,0
BRDA:840,66,0,0
BRDA:840,66,1,0
BRDA:841,67,0,0
BRDA:841,67,1,0
BRDA:861,68,0,0
BRDA:861,68,1,0
BRDA:874,69,0,0
BRDA:874,69,1,0
BRDA:874,70,0,0
BRDA:874,70,1,0
BRDA:927,71,0,0
BRDA:927,71,1,0
BRF:144
BRH:0
end_of_record
TN:
SF:routes\products.js
FN:5,calculateSimilarity
FN:31,createProductRoutes
FN:35,(anonymous_2)
FN:63,(anonymous_3)
FN:67,(anonymous_4)
FNF:5
FNH:1
FNDA:0,calculateSimilarity
FNDA:2,createProductRoutes
FNDA:0,(anonymous_2)
FNDA:0,(anonymous_3)
FNDA:0,(anonymous_4)
DA:1,2
DA:2,2
DA:6,0
DA:7,0
DA:8,0
DA:10,0
DA:11,0
DA:13,0
DA:14,0
DA:15,0
DA:16,0
DA:18,0
DA:26,0
DA:27,0
DA:28,0
DA:32,2
DA:35,2
DA:36,0
DA:38,0
DA:39,0
DA:40,0
DA:44,0
DA:49,0
DA:50,0
DA:57,0
DA:62,0
DA:63,0
DA:67,0
DA:69,0
DA:76,0
DA:83,0
DA:84,0
DA:88,2
DA:91,2
LF:34
LH:6
BRDA:15,0,0,0
BRDA:15,0,1,0
BRDA:39,1,0,0
BRDA:39,1,1,0
BRDA:49,2,0,0
BRDA:49,2,1,0
BRDA:62,3,0,0
BRDA:62,3,1,0
BRF:8
BRH:0
end_of_record
TN:
SF:routes\schedules.js
FN:7,createScheduleRoutes
FN:11,(anonymous_1)
FN:31,(anonymous_2)
FN:45,(anonymous_3)
FN:84,(anonymous_4)
FN:99,(anonymous_5)
FN:129,(anonymous_6)
FN:165,(anonymous_7)
FNF:8
FNH:1
FNDA:2,createScheduleRoutes
FNDA:0,(anonymous_1)
FNDA:0,(anonymous_2)
FNDA:0,(anonymous_3)
FNDA:0,(anonymous_4)
FNDA:0,(anonymous_5)
FNDA:0,(anonymous_6)
FNDA:0,(anonymous_7)
DA:1,2
DA:2,2
DA:3,2
DA:5,2
DA:8,2
DA:11,2
DA:12,0
DA:14,0
DA:16,0
DA:17,0
DA:22,0
DA:24,0
DA:26,0
DA:31,2
DA:32,0
DA:33,0
DA:34,0
DA:38,0
DA:40,0
DA:45,2
DA:46,0
DA:48,0
DA:49,0
DA:50,0
DA:52,0
DA:53,0
DA:54,0
DA:57,0
DA:59,0
DA:60,0
DA:63,0
DA:66,0
DA:68,0
DA:69,0
DA:71,0
DA:72,0
DA:74,0
DA:75,0
DA:76,0
DA:78,0
DA:79,0
DA:84,2
DA:85,0
DA:86,0
DA:87,0
DA:88,0
DA:89,0
DA:91,0
DA:94,0
DA:99,2
DA:100,0
DA:102,0
DA:103,0
DA:106,0
DA:107,0
DA:121,0
DA:122,0
DA:124,0
DA:129,2
DA:130,0
DA:131,0
DA:133,0
DA:134,0
DA:137,0
DA:138,0
DA:153,0
DA:154,0
DA:157,0
DA:158,0
DA:160,0
DA:165,2
DA:166,0
DA:167,0
DA:168,0
DA:169,0
DA:170,0
DA:172,0
DA:174,0
DA:178,2
DA:181,2
LF:80
LH:14
BRDA:16,0,0,0
BRDA:16,0,1,0
BRDA:52,1,0,0
BRDA:52,1,1,0
BRDA:59,2,0,0
BRDA:59,2,1,0
BRDA:72,3,0,0
BRDA:72,3,1,0
BRDA:88,4,0,0
BRDA:88,4,1,0
BRDA:102,5,0,0
BRDA:102,5,1,0
BRDA:110,6,0,0
BRDA:110,6,1,0
BRDA:111,7,0,0
BRDA:111,7,1,0
BRDA:112,8,0,0
BRDA:112,8,1,0
BRDA:113,9,0,0
BRDA:113,9,1,0
BRDA:114,10,0,0
BRDA:114,10,1,0
BRDA:116,11,0,0
BRDA:116,11,1,0
BRDA:117,12,0,0
BRDA:117,12,1,0
BRDA:133,13,0,0
BRDA:133,13,1,0
BRDA:141,14,0,0
BRDA:141,14,1,0
BRDA:142,15,0,0
BRDA:142,15,1,0
BRDA:143,16,0,0
BRDA:143,16,1,0
BRDA:144,17,0,0
BRDA:144,17,1,0
BRDA:145,18,0,0
BRDA:145,18,1,0
BRDA:147,19,0,0
BRDA:147,19,1,0
BRDA:148,20,0,0
BRDA:148,20,1,0
BRDA:153,21,0,0
BRDA:153,21,1,0
BRDA:169,22,0,0
BRDA:169,22,1,0
BRF:46
BRH:0
end_of_record
TN:
SF:routes\sync.js
FN:12,findExistingCustomer
FN:50,logSyncEvent
FN:76,createSyncRoutes
FN:78,(anonymous_3)
FN:82,(anonymous_4)
FN:273,(anonymous_5)
FN:333,(anonymous_6)
FN:358,(anonymous_7)
FNF:8
FNH:8
FNDA:18,findExistingCustomer
FNDA:15,logSyncEvent
FNDA:2,createSyncRoutes
FNDA:22,(anonymous_3)
FNDA:22,(anonymous_4)
FNDA:7,(anonymous_5)
FNDA:7,(anonymous_6)
FNDA:2,(anonymous_7)
DA:1,2
DA:2,2
DA:3,2
DA:6,2
DA:14,18
DA:15,18
DA:19,17
DA:20,2
DA:25,15
DA:26,13
DA:30,13
DA:31,1
DA:36,14
DA:37,12
DA:41,12
DA:42,1
DA:46,14
DA:51,15
DA:65,15
DA:73,15
DA:77,2
DA:78,22
DA:79,2
DA:82,2
DA:83,22
DA:85,22
DA:87,22
DA:88,2
DA:92,20
DA:93,1
DA:97,19
DA:98,19
DA:99,1
DA:101,18
DA:102,1
DA:106,17
DA:107,1
DA:110,16
DA:119,16
DA:120,15
DA:121,17
DA:123,17
DA:125,17
DA:126,17
DA:127,1
DA:129,17
DA:130,2
DA:132,17
DA:133,2
DA:135,17
DA:136,2
DA:139,17
DA:140,3
DA:145,3
DA:146,3
DA:150,14
DA:152,14
DA:154,2
DA:170,2
DA:184,2
DA:187,12
DA:210,12
DA:226,11
DA:229,1
DA:230,1
DA:235,1
DA:238,15
DA:241,15
DA:254,15
DA:255,1
DA:261,15
DA:267,1
DA:268,1
DA:273,2
DA:274,7
DA:276,7
DA:277,7
DA:278,1
DA:281,6
DA:287,6
DA:288,6
DA:289,6
DA:292,6
DA:293,1
DA:295,6
DA:296,1
DA:298,6
DA:299,1
DA:301,6
DA:302,1
DA:305,6
DA:306,2
DA:309,4
DA:311,3
DA:312,1
DA:319,2
DA:324,5
DA:327,1
DA:328,1
DA:333,2
DA:334,7
DA:336,7
DA:337,7
DA:338,7
DA:340,7
DA:341,1
DA:342,1
DA:345,7
DA:346,1
DA:347,1
DA:350,7
DA:351,7
DA:352,7
DA:353,7
DA:355,7
DA:358,6
DA:359,2
DA:360,2
DA:361,2
DA:364,6
DA:367,1
DA:368,1
DA:372,2
DA:375,2
LF:124
LH:124
BRDA:14,0,0,18
BRDA:14,0,1,0
BRDA:19,1,0,2
BRDA:19,1,1,15
BRDA:25,2,0,13
BRDA:25,2,1,2
BRDA:25,3,0,15
BRDA:25,3,1,13
BRDA:30,4,0,1
BRDA:30,4,1,12
BRDA:36,5,0,12
BRDA:36,5,1,2
BRDA:41,6,0,1
BRDA:41,6,1,11
BRDA:61,7,0,15
BRDA:61,7,1,11
BRDA:76,8,0,2
BRDA:79,9,0,2
BRDA:79,9,1,2
BRDA:87,10,0,2
BRDA:87,10,1,20
BRDA:87,11,0,22
BRDA:87,11,1,21
BRDA:87,11,2,21
BRDA:92,12,0,1
BRDA:92,12,1,19
BRDA:98,13,0,1
BRDA:98,13,1,18
BRDA:98,14,0,19
BRDA:98,14,1,2
BRDA:101,15,0,1
BRDA:101,15,1,17
BRDA:101,16,0,18
BRDA:101,16,1,1
BRDA:106,17,0,1
BRDA:106,17,1,16
BRDA:106,18,0,17
BRDA:106,18,1,4
BRDA:126,19,0,1
BRDA:126,19,1,16
BRDA:126,20,0,17
BRDA:126,20,1,2
BRDA:129,21,0,2
BRDA:129,21,1,15
BRDA:132,22,0,2
BRDA:132,22,1,15
BRDA:135,23,0,2
BRDA:135,23,1,15
BRDA:139,24,0,3
BRDA:139,24,1,14
BRDA:152,25,0,2
BRDA:152,25,1,12
BRDA:155,26,0,2
BRDA:155,26,1,0
BRDA:156,27,0,2
BRDA:156,27,1,0
BRDA:160,28,0,2
BRDA:160,28,1,0
BRDA:161,29,0,2
BRDA:161,29,1,0
BRDA:161,29,2,0
BRDA:162,30,0,2
BRDA:162,30,1,2
BRDA:163,31,0,2
BRDA:163,31,1,2
BRDA:164,32,0,2
BRDA:164,32,1,2
BRDA:189,33,0,12
BRDA:189,33,1,1
BRDA:190,34,0,12
BRDA:190,34,1,0
BRDA:194,35,0,12
BRDA:194,35,1,1
BRDA:195,36,0,12
BRDA:195,36,1,1
BRDA:200,37,0,12
BRDA:200,37,1,9
BRDA:201,38,0,12
BRDA:201,38,1,11
BRDA:202,39,0,12
BRDA:202,39,1,12
BRDA:248,40,0,11
BRDA:248,40,1,4
BRDA:250,41,0,4
BRDA:250,41,1,11
BRDA:254,42,0,1
BRDA:254,42,1,14
BRDA:277,43,0,1
BRDA:277,43,1,6
BRDA:277,44,0,7
BRDA:277,44,1,6
BRDA:292,45,0,1
BRDA:292,45,1,5
BRDA:292,46,0,6
BRDA:292,46,1,2
BRDA:295,47,0,1
BRDA:295,47,1,5
BRDA:298,48,0,1
BRDA:298,48,1,5
BRDA:301,49,0,1
BRDA:301,49,1,5
BRDA:305,50,0,2
BRDA:305,50,1,4
BRDA:311,51,0,1
BRDA:311,51,1,2
BRDA:334,52,0,6
BRDA:334,53,0,6
BRDA:340,54,0,1
BRDA:340,54,1,6
BRDA:345,55,0,1
BRDA:345,55,1,6
BRDA:351,56,0,7
BRDA:351,56,1,0
BRDA:352,57,0,7
BRDA:352,57,1,7
BRDA:360,58,0,2
BRDA:360,58,1,0
BRF:117
BRH:108
end_of_record
TN:
SF:routes\tables.js
FN:9,validateTableName
FN:13,validateColumnName
FN:17,createTableRoutes
FN:21,(anonymous_3)
FN:52,(anonymous_4)
FN:70,(anonymous_5)
FN:80,(anonymous_6)
FN:81,(anonymous_7)
FN:92,(anonymous_8)
FN:106,(anonymous_9)
FN:107,(anonymous_10)
FN:121,(anonymous_11)
FN:132,(anonymous_12)
FN:133,(anonymous_13)
FN:147,(anonymous_14)
FNF:15
FNH:1
FNDA:0,validateTableName
FNDA:0,validateColumnName
FNDA:2,createTableRoutes
FNDA:0,(anonymous_3)
FNDA:0,(anonymous_4)
FNDA:0,(anonymous_5)
FNDA:0,(anonymous_6)
FNDA:0,(anonymous_7)
FNDA:0,(anonymous_8)
FNDA:0,(anonymous_9)
FNDA:0,(anonymous_10)
FNDA:0,(anonymous_11)
FNDA:0,(anonymous_12)
FNDA:0,(anonymous_13)
FNDA:0,(anonymous_14)
DA:1,2
DA:2,2
DA:5,2
DA:6,2
DA:7,2
DA:10,0
DA:14,0
DA:18,2
DA:21,2
DA:22,0
DA:23,0
DA:24,0
DA:26,0
DA:27,0
DA:28,0
DA:29,0
DA:30,0
DA:31,0
DA:32,0
DA:34,0
DA:35,0
DA:36,0
DA:37,0
DA:38,0
DA:39,0
DA:43,0
DA:44,0
DA:45,0
DA:47,0
DA:52,2
DA:53,0
DA:54,0
DA:55,0
DA:57,0
DA:58,0
DA:59,0
DA:60,0
DA:62,0
DA:65,0
DA:70,2
DA:71,0
DA:72,0
DA:73,0
DA:75,0
DA:76,0
DA:77,0
DA:79,0
DA:80,0
DA:81,0
DA:83,0
DA:84,0
DA:85,0
DA:87,0
DA:92,2
DA:93,0
DA:94,0
DA:95,0
DA:97,0
DA:99,0
DA:100,0
DA:102,0
DA:103,0
DA:104,0
DA:106,0
DA:107,0
DA:109,0
DA:110,0
DA:111,0
DA:112,0
DA:114,0
DA:116,0
DA:121,2
DA:122,0
DA:123,0
DA:124,0
DA:126,0
DA:128,0
DA:129,0
DA:130,0
DA:132,0
DA:133,0
DA:135,0
DA:136,0
DA:137,0
DA:138,0
DA:140,0
DA:142,0
DA:147,2
DA:148,0
DA:149,0
DA:150,0
DA:152,0
DA:153,0
DA:154,0
DA:155,0
DA:157,0
DA:159,0
DA:163,2
DA:166,2
LF:99
LH:14
BRDA:23,0,0,0
BRDA:23,0,1,0
BRDA:26,1,0,0
BRDA:26,2,0,0
BRDA:26,3,0,0
BRDA:27,4,0,0
BRDA:27,4,1,0
BRDA:28,5,0,0
BRDA:28,5,1,0
BRDA:29,6,0,0
BRDA:29,6,1,0
BRDA:34,7,0,0
BRDA:34,7,1,0
BRDA:37,8,0,0
BRDA:37,8,1,0
BRDA:37,9,0,0
BRDA:37,9,1,0
BRDA:37,9,2,0
BRDA:54,10,0,0
BRDA:54,10,1,0
BRDA:59,11,0,0
BRDA:59,11,1,0
BRDA:72,12,0,0
BRDA:72,12,1,0
BRDA:94,13,0,0
BRDA:94,13,1,0
BRDA:103,14,0,0
BRDA:103,14,1,0
BRDA:111,15,0,0
BRDA:111,15,1,0
BRDA:123,16,0,0
BRDA:123,16,1,0
BRDA:129,17,0,0
BRDA:129,17,1,0
BRDA:137,18,0,0
BRDA:137,18,1,0
BRDA:149,19,0,0
BRDA:149,19,1,0
BRDA:154,20,0,0
BRDA:154,20,1,0
BRF:40
BRH:0
end_of_record
TN:
SF:services\notify.js
FN:7,initEmail
FN:22,(anonymous_1)
FN:33,sendLoginNotification
FN:76,sendKakaoNotification
FNF:4
FNH:4
FNDA:15,initEmail
FNDA:13,(anonymous_1)
FNDA:11,sendLoginNotification
FNDA:11,sendKakaoNotification
DA:1,1
DA:2,1
DA:5,1
DA:8,15
DA:9,15
DA:11,15
DA:12,1
DA:13,1
DA:16,14
DA:22,14
DA:23,13
DA:24,8
DA:25,8
DA:27,5
DA:34,11
DA:35,11
DA:36,11
DA:38,11
DA:39,11
DA:57,11
DA:58,4
DA:59,4
DA:65,3
DA:67,1
DA:72,11
DA:77,11
DA:78,11
DA:80,4
DA:81,4
DA:83,4
DA:98,3
DA:99,2
DA:101,1
DA:102,1
DA:105,1
DA:109,1
LF:36
LH:36
BRDA:11,0,0,1
BRDA:11,0,1,14
BRDA:11,1,0,15
BRDA:11,1,1,14
BRDA:23,2,0,8
BRDA:23,2,1,5
BRDA:35,3,0,11
BRDA:35,3,1,10
BRDA:35,3,2,1
BRDA:36,4,0,11
BRDA:36,4,1,1
BRDA:57,5,0,4
BRDA:57,5,1,7
BRDA:61,6,0,4
BRDA:61,6,1,3
BRDA:78,7,0,7
BRDA:78,7,1,4
BRDA:93,8,0,4
BRDA:93,8,1,3
BRDA:93,9,0,4
BRDA:93,9,1,3
BRDA:98,10,0,2
BRDA:98,10,1,1
BRF:23
BRH:23
end_of_record
